{"/home/dobra/room-sorting-app/src/components/AuctionView.tsx": {"path":"/home/dobra/room-sorting-app/src/components/AuctionView.tsx","all":false,"statementMap":{"0":{"start":{"line":1,"column":0},"end":{"line":1,"column":53}},"1":{"start":{"line":2,"column":0},"end":{"line":2,"column":54}},"2":{"start":{"line":3,"column":0},"end":{"line":3,"column":49}},"4":{"start":{"line":5,"column":0},"end":{"line":5,"column":72}},"12":{"start":{"line":13,"column":0},"end":{"line":13,"column":105}},"13":{"start":{"line":14,"column":0},"end":{"line":14,"column":162}},"14":{"start":{"line":15,"column":0},"end":{"line":15,"column":91}},"15":{"start":{"line":16,"column":0},"end":{"line":16,"column":95}},"16":{"start":{"line":17,"column":0},"end":{"line":17,"column":73}},"17":{"start":{"line":18,"column":0},"end":{"line":18,"column":46}},"18":{"start":{"line":19,"column":0},"end":{"line":19,"column":58}},"21":{"start":{"line":22,"column":0},"end":{"line":22,"column":53}},"22":{"start":{"line":23,"column":0},"end":{"line":23,"column":58}},"23":{"start":{"line":24,"column":0},"end":{"line":24,"column":58}},"25":{"start":{"line":26,"column":0},"end":{"line":26,"column":102}},"26":{"start":{"line":27,"column":0},"end":{"line":27,"column":18}},"27":{"start":{"line":28,"column":0},"end":{"line":28,"column":56}},"28":{"start":{"line":29,"column":0},"end":{"line":29,"column":5}},"30":{"start":{"line":31,"column":0},"end":{"line":31,"column":59}},"31":{"start":{"line":32,"column":0},"end":{"line":32,"column":17}},"32":{"start":{"line":33,"column":0},"end":{"line":33,"column":53}},"33":{"start":{"line":34,"column":0},"end":{"line":34,"column":5}},"35":{"start":{"line":36,"column":0},"end":{"line":36,"column":92}},"36":{"start":{"line":37,"column":0},"end":{"line":37,"column":34}},"37":{"start":{"line":38,"column":0},"end":{"line":38,"column":62}},"38":{"start":{"line":39,"column":0},"end":{"line":39,"column":5}},"40":{"start":{"line":41,"column":0},"end":{"line":41,"column":53}},"41":{"start":{"line":42,"column":0},"end":{"line":42,"column":16}},"46":{"start":{"line":47,"column":0},"end":{"line":47,"column":19}},"47":{"start":{"line":48,"column":0},"end":{"line":48,"column":29}},"48":{"start":{"line":49,"column":0},"end":{"line":49,"column":77}},"49":{"start":{"line":50,"column":0},"end":{"line":50,"column":13}},"50":{"start":{"line":51,"column":0},"end":{"line":51,"column":5}},"51":{"start":{"line":52,"column":0},"end":{"line":52,"column":71}},"52":{"start":{"line":53,"column":0},"end":{"line":53,"column":59}},"53":{"start":{"line":54,"column":0},"end":{"line":54,"column":50}},"54":{"start":{"line":55,"column":0},"end":{"line":55,"column":7}},"56":{"start":{"line":57,"column":0},"end":{"line":57,"column":55}},"57":{"start":{"line":58,"column":0},"end":{"line":58,"column":26}},"60":{"start":{"line":61,"column":0},"end":{"line":61,"column":19}},"61":{"start":{"line":62,"column":0},"end":{"line":62,"column":26}},"62":{"start":{"line":63,"column":0},"end":{"line":63,"column":26}},"63":{"start":{"line":64,"column":0},"end":{"line":64,"column":65}},"64":{"start":{"line":65,"column":0},"end":{"line":65,"column":13}},"65":{"start":{"line":66,"column":0},"end":{"line":66,"column":5}},"66":{"start":{"line":67,"column":0},"end":{"line":67,"column":65}},"67":{"start":{"line":68,"column":0},"end":{"line":68,"column":56}},"68":{"start":{"line":69,"column":0},"end":{"line":69,"column":44}},"69":{"start":{"line":70,"column":0},"end":{"line":70,"column":7}},"71":{"start":{"line":72,"column":0},"end":{"line":72,"column":52}},"72":{"start":{"line":73,"column":0},"end":{"line":73,"column":26}},"77":{"start":{"line":78,"column":0},"end":{"line":78,"column":40}},"78":{"start":{"line":79,"column":0},"end":{"line":79,"column":52}},"79":{"start":{"line":80,"column":0},"end":{"line":80,"column":47}},"81":{"start":{"line":82,"column":0},"end":{"line":82,"column":26}},"82":{"start":{"line":83,"column":0},"end":{"line":83,"column":9}},"83":{"start":{"line":84,"column":0},"end":{"line":84,"column":70}},"84":{"start":{"line":85,"column":0},"end":{"line":85,"column":21}},"85":{"start":{"line":86,"column":0},"end":{"line":86,"column":58}},"86":{"start":{"line":87,"column":0},"end":{"line":87,"column":15}},"87":{"start":{"line":88,"column":0},"end":{"line":88,"column":29}},"88":{"start":{"line":89,"column":0},"end":{"line":89,"column":5}},"89":{"start":{"line":90,"column":0},"end":{"line":90,"column":4}},"91":{"start":{"line":92,"column":0},"end":{"line":92,"column":41}},"92":{"start":{"line":93,"column":0},"end":{"line":93,"column":73}},"93":{"start":{"line":94,"column":0},"end":{"line":94,"column":39}},"95":{"start":{"line":96,"column":0},"end":{"line":96,"column":16}},"96":{"start":{"line":97,"column":0},"end":{"line":97,"column":50}},"97":{"start":{"line":98,"column":0},"end":{"line":98,"column":13}},"98":{"start":{"line":99,"column":0},"end":{"line":99,"column":5}},"100":{"start":{"line":101,"column":0},"end":{"line":101,"column":24}},"101":{"start":{"line":102,"column":0},"end":{"line":102,"column":48}},"102":{"start":{"line":103,"column":0},"end":{"line":103,"column":13}},"103":{"start":{"line":104,"column":0},"end":{"line":104,"column":5}},"106":{"start":{"line":107,"column":0},"end":{"line":107,"column":30}},"107":{"start":{"line":108,"column":0},"end":{"line":108,"column":12}},"108":{"start":{"line":109,"column":0},"end":{"line":109,"column":83}},"109":{"start":{"line":110,"column":0},"end":{"line":110,"column":12}},"110":{"start":{"line":111,"column":0},"end":{"line":111,"column":12}},"111":{"start":{"line":112,"column":0},"end":{"line":112,"column":8}},"112":{"start":{"line":113,"column":0},"end":{"line":113,"column":13}},"113":{"start":{"line":114,"column":0},"end":{"line":114,"column":5}},"116":{"start":{"line":117,"column":0},"end":{"line":117,"column":39}},"117":{"start":{"line":118,"column":0},"end":{"line":118,"column":77}},"118":{"start":{"line":119,"column":0},"end":{"line":119,"column":13}},"119":{"start":{"line":120,"column":0},"end":{"line":120,"column":5}},"121":{"start":{"line":122,"column":0},"end":{"line":122,"column":56}},"122":{"start":{"line":123,"column":0},"end":{"line":123,"column":4}},"124":{"start":{"line":125,"column":0},"end":{"line":125,"column":31}},"125":{"start":{"line":126,"column":0},"end":{"line":126,"column":56}},"126":{"start":{"line":127,"column":0},"end":{"line":127,"column":20}},"127":{"start":{"line":128,"column":0},"end":{"line":128,"column":45}},"128":{"start":{"line":129,"column":0},"end":{"line":129,"column":4}},"130":{"start":{"line":131,"column":0},"end":{"line":131,"column":72}},"132":{"start":{"line":133,"column":0},"end":{"line":133,"column":10}},"133":{"start":{"line":134,"column":0},"end":{"line":134,"column":49}},"134":{"start":{"line":135,"column":0},"end":{"line":135,"column":75}},"136":{"start":{"line":137,"column":0},"end":{"line":137,"column":31}},"137":{"start":{"line":138,"column":0},"end":{"line":138,"column":30}},"138":{"start":{"line":139,"column":0},"end":{"line":139,"column":65}},"139":{"start":{"line":140,"column":0},"end":{"line":140,"column":58}},"140":{"start":{"line":141,"column":0},"end":{"line":141,"column":61}},"141":{"start":{"line":142,"column":0},"end":{"line":142,"column":67}},"142":{"start":{"line":143,"column":0},"end":{"line":143,"column":90}},"143":{"start":{"line":144,"column":0},"end":{"line":144,"column":161}},"144":{"start":{"line":145,"column":0},"end":{"line":145,"column":130}},"145":{"start":{"line":146,"column":0},"end":{"line":146,"column":20}},"146":{"start":{"line":147,"column":0},"end":{"line":147,"column":15}},"147":{"start":{"line":148,"column":0},"end":{"line":148,"column":16}},"148":{"start":{"line":149,"column":0},"end":{"line":149,"column":14}},"151":{"start":{"line":152,"column":0},"end":{"line":152,"column":31}},"152":{"start":{"line":153,"column":0},"end":{"line":153,"column":37}},"153":{"start":{"line":154,"column":0},"end":{"line":154,"column":85}},"154":{"start":{"line":155,"column":0},"end":{"line":155,"column":45}},"155":{"start":{"line":156,"column":0},"end":{"line":156,"column":112}},"156":{"start":{"line":157,"column":0},"end":{"line":157,"column":14}},"157":{"start":{"line":158,"column":0},"end":{"line":158,"column":32}},"158":{"start":{"line":159,"column":0},"end":{"line":159,"column":63}},"159":{"start":{"line":160,"column":0},"end":{"line":160,"column":38}},"160":{"start":{"line":161,"column":0},"end":{"line":161,"column":89}},"161":{"start":{"line":162,"column":0},"end":{"line":162,"column":17}},"162":{"start":{"line":163,"column":0},"end":{"line":163,"column":16}},"163":{"start":{"line":164,"column":0},"end":{"line":164,"column":15}},"164":{"start":{"line":165,"column":0},"end":{"line":165,"column":93}},"165":{"start":{"line":166,"column":0},"end":{"line":166,"column":53}},"166":{"start":{"line":167,"column":0},"end":{"line":167,"column":112}},"167":{"start":{"line":168,"column":0},"end":{"line":168,"column":104}},"168":{"start":{"line":169,"column":0},"end":{"line":169,"column":45}},"169":{"start":{"line":170,"column":0},"end":{"line":170,"column":23}},"170":{"start":{"line":171,"column":0},"end":{"line":171,"column":18}},"171":{"start":{"line":172,"column":0},"end":{"line":172,"column":16}},"172":{"start":{"line":173,"column":0},"end":{"line":173,"column":14}},"175":{"start":{"line":176,"column":0},"end":{"line":176,"column":30}},"176":{"start":{"line":177,"column":0},"end":{"line":177,"column":13}},"177":{"start":{"line":178,"column":0},"end":{"line":178,"column":76}},"178":{"start":{"line":179,"column":0},"end":{"line":179,"column":37}},"179":{"start":{"line":180,"column":0},"end":{"line":180,"column":61}},"181":{"start":{"line":182,"column":0},"end":{"line":182,"column":40}},"182":{"start":{"line":183,"column":0},"end":{"line":183,"column":72}},"183":{"start":{"line":184,"column":0},"end":{"line":184,"column":24}},"184":{"start":{"line":185,"column":0},"end":{"line":185,"column":98}},"185":{"start":{"line":186,"column":0},"end":{"line":186,"column":98}},"186":{"start":{"line":187,"column":0},"end":{"line":187,"column":64}},"187":{"start":{"line":188,"column":0},"end":{"line":188,"column":63}},"188":{"start":{"line":189,"column":0},"end":{"line":189,"column":26}},"189":{"start":{"line":190,"column":0},"end":{"line":190,"column":24}},"191":{"start":{"line":192,"column":0},"end":{"line":192,"column":15}},"194":{"start":{"line":195,"column":0},"end":{"line":195,"column":71}},"195":{"start":{"line":196,"column":0},"end":{"line":196,"column":117}},"197":{"start":{"line":198,"column":0},"end":{"line":198,"column":22}},"198":{"start":{"line":199,"column":0},"end":{"line":199,"column":134}},"199":{"start":{"line":200,"column":0},"end":{"line":200,"column":96}},"200":{"start":{"line":201,"column":0},"end":{"line":201,"column":48}},"201":{"start":{"line":202,"column":0},"end":{"line":202,"column":27}},"202":{"start":{"line":203,"column":0},"end":{"line":203,"column":52}},"203":{"start":{"line":204,"column":0},"end":{"line":204,"column":55}},"204":{"start":{"line":205,"column":0},"end":{"line":205,"column":111}},"205":{"start":{"line":206,"column":0},"end":{"line":206,"column":61}},"207":{"start":{"line":208,"column":0},"end":{"line":208,"column":60}},"208":{"start":{"line":209,"column":0},"end":{"line":209,"column":68}},"209":{"start":{"line":210,"column":0},"end":{"line":210,"column":99}},"210":{"start":{"line":211,"column":0},"end":{"line":211,"column":52}},"211":{"start":{"line":212,"column":0},"end":{"line":212,"column":95}},"212":{"start":{"line":213,"column":0},"end":{"line":213,"column":65}},"213":{"start":{"line":214,"column":0},"end":{"line":214,"column":32}},"214":{"start":{"line":215,"column":0},"end":{"line":215,"column":80}},"216":{"start":{"line":217,"column":0},"end":{"line":217,"column":25}},"217":{"start":{"line":218,"column":0},"end":{"line":218,"column":29}},"219":{"start":{"line":220,"column":0},"end":{"line":220,"column":52}},"220":{"start":{"line":221,"column":0},"end":{"line":221,"column":116}},"221":{"start":{"line":222,"column":0},"end":{"line":222,"column":26}},"223":{"start":{"line":224,"column":0},"end":{"line":224,"column":22}},"225":{"start":{"line":226,"column":0},"end":{"line":226,"column":15}},"226":{"start":{"line":227,"column":0},"end":{"line":227,"column":16}},"227":{"start":{"line":228,"column":0},"end":{"line":228,"column":61}},"228":{"start":{"line":229,"column":0},"end":{"line":229,"column":34}},"229":{"start":{"line":230,"column":0},"end":{"line":230,"column":21}},"230":{"start":{"line":231,"column":0},"end":{"line":231,"column":91}},"231":{"start":{"line":232,"column":0},"end":{"line":232,"column":42}},"232":{"start":{"line":233,"column":0},"end":{"line":233,"column":55}},"234":{"start":{"line":235,"column":0},"end":{"line":235,"column":98}},"235":{"start":{"line":236,"column":0},"end":{"line":236,"column":23}},"236":{"start":{"line":237,"column":0},"end":{"line":237,"column":18}},"238":{"start":{"line":239,"column":0},"end":{"line":239,"column":14}},"241":{"start":{"line":242,"column":0},"end":{"line":242,"column":27}},"242":{"start":{"line":243,"column":0},"end":{"line":243,"column":13}},"243":{"start":{"line":244,"column":0},"end":{"line":244,"column":63}},"244":{"start":{"line":245,"column":0},"end":{"line":245,"column":41}},"245":{"start":{"line":246,"column":0},"end":{"line":246,"column":116}},"247":{"start":{"line":248,"column":0},"end":{"line":248,"column":20}},"248":{"start":{"line":249,"column":0},"end":{"line":249,"column":69}},"249":{"start":{"line":250,"column":0},"end":{"line":250,"column":68}},"250":{"start":{"line":251,"column":0},"end":{"line":251,"column":48}},"251":{"start":{"line":252,"column":0},"end":{"line":252,"column":48}},"252":{"start":{"line":253,"column":0},"end":{"line":253,"column":86}},"254":{"start":{"line":255,"column":0},"end":{"line":255,"column":28}},"255":{"start":{"line":256,"column":0},"end":{"line":256,"column":139}},"256":{"start":{"line":257,"column":0},"end":{"line":257,"column":101}},"257":{"start":{"line":258,"column":0},"end":{"line":258,"column":53}},"258":{"start":{"line":259,"column":0},"end":{"line":259,"column":28}},"259":{"start":{"line":260,"column":0},"end":{"line":260,"column":34}},"260":{"start":{"line":261,"column":0},"end":{"line":261,"column":60}},"261":{"start":{"line":262,"column":0},"end":{"line":262,"column":43}},"262":{"start":{"line":263,"column":0},"end":{"line":263,"column":38}},"263":{"start":{"line":264,"column":0},"end":{"line":264,"column":78}},"264":{"start":{"line":265,"column":0},"end":{"line":265,"column":126}},"265":{"start":{"line":266,"column":0},"end":{"line":266,"column":51}},"267":{"start":{"line":268,"column":0},"end":{"line":268,"column":35}},"268":{"start":{"line":269,"column":0},"end":{"line":269,"column":104}},"269":{"start":{"line":270,"column":0},"end":{"line":270,"column":64}},"270":{"start":{"line":271,"column":0},"end":{"line":271,"column":51}},"272":{"start":{"line":273,"column":0},"end":{"line":273,"column":71}},"273":{"start":{"line":274,"column":0},"end":{"line":274,"column":37}},"274":{"start":{"line":275,"column":0},"end":{"line":275,"column":29}},"276":{"start":{"line":277,"column":0},"end":{"line":277,"column":56}},"277":{"start":{"line":278,"column":0},"end":{"line":278,"column":83}},"278":{"start":{"line":279,"column":0},"end":{"line":279,"column":30}},"280":{"start":{"line":281,"column":0},"end":{"line":281,"column":27}},"282":{"start":{"line":283,"column":0},"end":{"line":283,"column":21}},"283":{"start":{"line":284,"column":0},"end":{"line":284,"column":22}},"284":{"start":{"line":285,"column":0},"end":{"line":285,"column":20}},"286":{"start":{"line":287,"column":0},"end":{"line":287,"column":13}},"287":{"start":{"line":288,"column":0},"end":{"line":288,"column":14}},"290":{"start":{"line":291,"column":0},"end":{"line":291,"column":28}},"291":{"start":{"line":292,"column":0},"end":{"line":292,"column":13}},"292":{"start":{"line":293,"column":0},"end":{"line":293,"column":66}},"293":{"start":{"line":294,"column":0},"end":{"line":294,"column":14}},"294":{"start":{"line":295,"column":0},"end":{"line":295,"column":58}},"295":{"start":{"line":296,"column":0},"end":{"line":296,"column":194}},"296":{"start":{"line":297,"column":0},"end":{"line":297,"column":15}},"297":{"start":{"line":298,"column":0},"end":{"line":298,"column":15}},"298":{"start":{"line":299,"column":0},"end":{"line":299,"column":14}},"300":{"start":{"line":301,"column":0},"end":{"line":301,"column":10}},"302":{"start":{"line":303,"column":0},"end":{"line":303,"column":2}}},"s":{"0":1,"1":1,"2":1,"4":1,"12":1,"13":2,"14":2,"15":2,"16":2,"17":2,"18":2,"21":2,"22":1,"23":1,"25":1,"26":1,"27":0,"28":0,"30":1,"31":1,"32":0,"33":0,"35":1,"36":1,"37":0,"38":0,"40":1,"41":2,"46":2,"47":1,"48":0,"49":0,"50":0,"51":1,"52":1,"53":1,"54":1,"56":1,"57":2,"60":2,"61":1,"62":1,"63":1,"64":1,"65":1,"66":0,"67":0,"68":0,"69":0,"71":0,"72":2,"77":2,"78":0,"79":0,"81":0,"82":0,"83":0,"84":0,"85":0,"86":0,"87":0,"88":0,"89":0,"91":2,"92":0,"93":0,"95":0,"96":0,"97":0,"98":0,"100":0,"101":0,"102":0,"103":0,"106":0,"107":0,"108":0,"109":0,"110":0,"111":0,"112":0,"113":0,"116":0,"117":0,"118":0,"119":0,"121":0,"122":0,"124":2,"125":0,"126":0,"127":0,"128":0,"130":2,"132":2,"133":2,"134":2,"136":2,"137":2,"138":2,"139":2,"140":6,"141":6,"142":6,"143":6,"144":6,"145":6,"146":2,"147":2,"148":2,"151":2,"152":0,"153":0,"154":0,"155":0,"156":0,"157":0,"158":0,"159":0,"160":0,"161":0,"162":0,"163":0,"164":0,"165":0,"166":0,"167":0,"168":0,"169":0,"170":0,"171":0,"172":0,"175":2,"176":2,"177":2,"178":2,"179":2,"181":6,"182":0,"183":0,"184":0,"185":0,"186":0,"187":0,"188":0,"189":0,"191":0,"194":6,"195":6,"197":6,"198":6,"199":6,"200":6,"201":0,"202":0,"203":0,"204":0,"205":0,"207":0,"208":0,"209":0,"210":0,"211":0,"212":0,"213":0,"214":0,"216":0,"217":0,"219":6,"220":6,"221":6,"223":6,"225":2,"226":2,"227":2,"228":2,"229":2,"230":2,"231":2,"232":2,"234":2,"235":2,"236":2,"238":2,"241":2,"242":0,"243":0,"244":0,"245":0,"247":0,"248":0,"249":0,"250":0,"251":0,"252":0,"254":0,"255":0,"256":0,"257":0,"258":0,"259":0,"260":0,"261":0,"262":0,"263":0,"264":0,"265":0,"267":0,"268":0,"269":0,"270":0,"272":0,"273":0,"274":0,"276":0,"277":0,"278":0,"280":0,"282":0,"283":0,"284":0,"286":0,"287":0,"290":2,"291":0,"292":0,"293":0,"294":0,"295":0,"296":0,"297":0,"298":0,"300":2,"302":2},"branchMap":{"0":{"type":"branch","line":13,"loc":{"start":{"line":13,"column":27},"end":{"line":303,"column":2}},"locations":[{"start":{"line":13,"column":27},"end":{"line":303,"column":2}}]},"1":{"type":"branch","line":140,"loc":{"start":{"line":140,"column":35},"end":{"line":140,"column":46}},"locations":[{"start":{"line":140,"column":35},"end":{"line":140,"column":46}}]},"2":{"type":"branch","line":152,"loc":{"start":{"line":152,"column":17},"end":{"line":173,"column":14}},"locations":[{"start":{"line":152,"column":17},"end":{"line":173,"column":14}}]},"3":{"type":"branch","line":180,"loc":{"start":{"line":180,"column":35},"end":{"line":180,"column":46}},"locations":[{"start":{"line":180,"column":35},"end":{"line":180,"column":46}}]},"4":{"type":"branch","line":228,"loc":{"start":{"line":228,"column":39},"end":{"line":228,"column":61}},"locations":[{"start":{"line":228,"column":39},"end":{"line":228,"column":61}}]},"5":{"type":"branch","line":235,"loc":{"start":{"line":235,"column":17},"end":{"line":235,"column":50}},"locations":[{"start":{"line":235,"column":17},"end":{"line":235,"column":50}}]},"6":{"type":"branch","line":235,"loc":{"start":{"line":235,"column":50},"end":{"line":235,"column":79}},"locations":[{"start":{"line":235,"column":50},"end":{"line":235,"column":79}}]},"7":{"type":"branch","line":242,"loc":{"start":{"line":242,"column":17},"end":{"line":288,"column":14}},"locations":[{"start":{"line":242,"column":17},"end":{"line":288,"column":14}}]},"8":{"type":"branch","line":291,"loc":{"start":{"line":291,"column":17},"end":{"line":299,"column":14}},"locations":[{"start":{"line":291,"column":17},"end":{"line":299,"column":14}}]},"9":{"type":"branch","line":14,"loc":{"start":{"line":14,"column":78},"end":{"line":14,"column":160}},"locations":[{"start":{"line":14,"column":78},"end":{"line":14,"column":160}}]},"10":{"type":"branch","line":14,"loc":{"start":{"line":14,"column":123},"end":{"line":14,"column":134}},"locations":[{"start":{"line":14,"column":123},"end":{"line":14,"column":134}}]},"11":{"type":"branch","line":14,"loc":{"start":{"line":14,"column":140},"end":{"line":14,"column":158}},"locations":[{"start":{"line":14,"column":140},"end":{"line":14,"column":158}}]},"12":{"type":"branch","line":22,"loc":{"start":{"line":22,"column":46},"end":{"line":42,"column":5}},"locations":[{"start":{"line":22,"column":46},"end":{"line":42,"column":5}}]},"13":{"type":"branch","line":23,"loc":{"start":{"line":23,"column":45},"end":{"line":23,"column":56}},"locations":[{"start":{"line":23,"column":45},"end":{"line":23,"column":56}}]},"14":{"type":"branch","line":24,"loc":{"start":{"line":24,"column":45},"end":{"line":24,"column":56}},"locations":[{"start":{"line":24,"column":45},"end":{"line":24,"column":56}}]},"15":{"type":"branch","line":26,"loc":{"start":{"line":26,"column":39},"end":{"line":26,"column":50}},"locations":[{"start":{"line":26,"column":39},"end":{"line":26,"column":50}}]},"16":{"type":"branch","line":26,"loc":{"start":{"line":26,"column":82},"end":{"line":26,"column":93}},"locations":[{"start":{"line":26,"column":82},"end":{"line":26,"column":93}}]},"17":{"type":"branch","line":27,"loc":{"start":{"line":27,"column":17},"end":{"line":29,"column":5}},"locations":[{"start":{"line":27,"column":17},"end":{"line":29,"column":5}}]},"18":{"type":"branch","line":32,"loc":{"start":{"line":32,"column":16},"end":{"line":34,"column":5}},"locations":[{"start":{"line":32,"column":16},"end":{"line":34,"column":5}}]},"19":{"type":"branch","line":37,"loc":{"start":{"line":37,"column":33},"end":{"line":39,"column":5}},"locations":[{"start":{"line":37,"column":33},"end":{"line":39,"column":5}}]},"20":{"type":"branch","line":31,"loc":{"start":{"line":31,"column":36},"end":{"line":31,"column":57}},"locations":[{"start":{"line":31,"column":36},"end":{"line":31,"column":57}}]},"21":{"type":"branch","line":36,"loc":{"start":{"line":36,"column":43},"end":{"line":36,"column":90}},"locations":[{"start":{"line":36,"column":43},"end":{"line":36,"column":90}}]},"22":{"type":"branch","line":47,"loc":{"start":{"line":47,"column":12},"end":{"line":58,"column":5}},"locations":[{"start":{"line":47,"column":12},"end":{"line":58,"column":5}}]},"23":{"type":"branch","line":48,"loc":{"start":{"line":48,"column":28},"end":{"line":51,"column":5}},"locations":[{"start":{"line":48,"column":28},"end":{"line":51,"column":5}}]},"24":{"type":"branch","line":53,"loc":{"start":{"line":53,"column":45},"end":{"line":55,"column":5}},"locations":[{"start":{"line":53,"column":45},"end":{"line":55,"column":5}}]},"25":{"type":"branch","line":54,"loc":{"start":{"line":54,"column":41},"end":{"line":54,"column":48}},"locations":[{"start":{"line":54,"column":41},"end":{"line":54,"column":48}}]},"26":{"type":"branch","line":57,"loc":{"start":{"line":57,"column":11},"end":{"line":57,"column":55}},"locations":[{"start":{"line":57,"column":11},"end":{"line":57,"column":55}}]},"27":{"type":"branch","line":61,"loc":{"start":{"line":61,"column":12},"end":{"line":73,"column":5}},"locations":[{"start":{"line":61,"column":12},"end":{"line":73,"column":5}}]},"28":{"type":"branch","line":66,"loc":{"start":{"line":66,"column":4},"end":{"line":72,"column":52}},"locations":[{"start":{"line":66,"column":4},"end":{"line":72,"column":52}}]},"29":{"type":"branch","line":140,"loc":{"start":{"line":140,"column":52},"end":{"line":146,"column":20}},"locations":[{"start":{"line":140,"column":52},"end":{"line":146,"column":20}}]},"30":{"type":"branch","line":144,"loc":{"start":{"line":144,"column":69},"end":{"line":144,"column":148}},"locations":[{"start":{"line":144,"column":69},"end":{"line":144,"column":148}}]},"31":{"type":"branch","line":145,"loc":{"start":{"line":145,"column":50},"end":{"line":145,"column":130}},"locations":[{"start":{"line":145,"column":50},"end":{"line":145,"column":130}}]},"32":{"type":"branch","line":180,"loc":{"start":{"line":180,"column":52},"end":{"line":226,"column":13}},"locations":[{"start":{"line":180,"column":52},"end":{"line":226,"column":13}}]},"33":{"type":"branch","line":182,"loc":{"start":{"line":182,"column":39},"end":{"line":192,"column":15}},"locations":[{"start":{"line":182,"column":39},"end":{"line":192,"column":15}}]},"34":{"type":"branch","line":196,"loc":{"start":{"line":196,"column":45},"end":{"line":196,"column":112}},"locations":[{"start":{"line":196,"column":45},"end":{"line":196,"column":112}}]},"35":{"type":"branch","line":199,"loc":{"start":{"line":199,"column":97},"end":{"line":199,"column":128}},"locations":[{"start":{"line":199,"column":97},"end":{"line":199,"column":128}}]},"36":{"type":"branch","line":200,"loc":{"start":{"line":200,"column":65},"end":{"line":200,"column":90}},"locations":[{"start":{"line":200,"column":65},"end":{"line":200,"column":90}}]},"37":{"type":"branch","line":201,"loc":{"start":{"line":201,"column":31},"end":{"line":218,"column":29}},"locations":[{"start":{"line":201,"column":31},"end":{"line":218,"column":29}}]},"38":{"type":"branch","line":221,"loc":{"start":{"line":221,"column":23},"end":{"line":221,"column":84}},"locations":[{"start":{"line":221,"column":23},"end":{"line":221,"column":84}}]}},"b":{"0":[2],"1":[0],"2":[0],"3":[0],"4":[0],"5":[0],"6":[0],"7":[0],"8":[0],"9":[1],"10":[0],"11":[3],"12":[1],"13":[0],"14":[0],"15":[0],"16":[0],"17":[0],"18":[0],"19":[0],"20":[1],"21":[3],"22":[1],"23":[0],"24":[1],"25":[0],"26":[1],"27":[1],"28":[0],"29":[6],"30":[0],"31":[0],"32":[6],"33":[0],"34":[0],"35":[0],"36":[0],"37":[0],"38":[0]},"fnMap":{"0":{"name":"AuctionView","decl":{"start":{"line":13,"column":27},"end":{"line":303,"column":2}},"loc":{"start":{"line":13,"column":27},"end":{"line":303,"column":2}},"line":13},"1":{"name":"handleSelections","decl":{"start":{"line":78,"column":27},"end":{"line":90,"column":4}},"loc":{"start":{"line":78,"column":27},"end":{"line":90,"column":4}},"line":78},"2":{"name":"handleBid","decl":{"start":{"line":92,"column":20},"end":{"line":123,"column":4}},"loc":{"start":{"line":92,"column":20},"end":{"line":123,"column":4}},"line":92},"3":{"name":"handleCopyUrl","decl":{"start":{"line":125,"column":24},"end":{"line":129,"column":4}},"loc":{"start":{"line":125,"column":24},"end":{"line":129,"column":4}},"line":125},"4":{"name":"onChange","decl":{"start":{"line":205,"column":33},"end":{"line":205,"column":111}},"loc":{"start":{"line":205,"column":33},"end":{"line":205,"column":111}},"line":205}},"f":{"0":2,"1":0,"2":0,"3":0,"4":0}}
}
