{"/Users/eikoreisz/Documents/GitHub/CS392-RapidProto/room-sorting-app/functions/src/index.ts": {"path":"/Users/eikoreisz/Documents/GitHub/CS392-RapidProto/room-sorting-app/functions/src/index.ts","all":true,"statementMap":{"0":{"start":{"line":1,"column":0},"end":{"line":1,"column":64}},"1":{"start":{"line":2,"column":0},"end":{"line":2,"column":52}},"2":{"start":{"line":3,"column":0},"end":{"line":3,"column":51}},"3":{"start":{"line":4,"column":0},"end":{"line":4,"column":54}},"6":{"start":{"line":7,"column":0},"end":{"line":7,"column":16}},"18":{"start":{"line":19,"column":0},"end":{"line":19,"column":26}},"19":{"start":{"line":20,"column":0},"end":{"line":20,"column":38}},"20":{"start":{"line":21,"column":0},"end":{"line":21,"column":16}},"21":{"start":{"line":22,"column":0},"end":{"line":22,"column":13}},"22":{"start":{"line":23,"column":0},"end":{"line":23,"column":13}},"23":{"start":{"line":24,"column":0},"end":{"line":24,"column":3}},"24":{"start":{"line":25,"column":0},"end":{"line":25,"column":76}},"25":{"start":{"line":26,"column":0},"end":{"line":26,"column":76}},"26":{"start":{"line":27,"column":0},"end":{"line":27,"column":72}},"27":{"start":{"line":28,"column":0},"end":{"line":28,"column":1}},"31":{"start":{"line":32,"column":0},"end":{"line":32,"column":47}},"32":{"start":{"line":33,"column":0},"end":{"line":33,"column":46}},"33":{"start":{"line":34,"column":0},"end":{"line":34,"column":20}},"34":{"start":{"line":35,"column":0},"end":{"line":35,"column":39}},"37":{"start":{"line":38,"column":0},"end":{"line":38,"column":67}},"38":{"start":{"line":39,"column":0},"end":{"line":39,"column":59}},"39":{"start":{"line":40,"column":0},"end":{"line":40,"column":51}},"41":{"start":{"line":42,"column":0},"end":{"line":42,"column":19}},"42":{"start":{"line":43,"column":0},"end":{"line":43,"column":62}},"43":{"start":{"line":44,"column":0},"end":{"line":44,"column":18}},"44":{"start":{"line":45,"column":0},"end":{"line":45,"column":5}},"47":{"start":{"line":48,"column":0},"end":{"line":48,"column":68}},"48":{"start":{"line":49,"column":0},"end":{"line":49,"column":48}},"51":{"start":{"line":52,"column":0},"end":{"line":52,"column":45}},"52":{"start":{"line":53,"column":0},"end":{"line":53,"column":36}},"53":{"start":{"line":54,"column":0},"end":{"line":54,"column":13}},"56":{"start":{"line":57,"column":0},"end":{"line":57,"column":58}},"58":{"start":{"line":59,"column":0},"end":{"line":59,"column":16}},"59":{"start":{"line":60,"column":0},"end":{"line":60,"column":130}},"60":{"start":{"line":61,"column":0},"end":{"line":61,"column":6}},"63":{"start":{"line":64,"column":0},"end":{"line":64,"column":47}},"64":{"start":{"line":65,"column":0},"end":{"line":65,"column":77}},"65":{"start":{"line":66,"column":0},"end":{"line":66,"column":18}},"66":{"start":{"line":67,"column":0},"end":{"line":67,"column":5}},"69":{"start":{"line":70,"column":0},"end":{"line":70,"column":16}},"70":{"start":{"line":71,"column":0},"end":{"line":71,"column":103}},"71":{"start":{"line":72,"column":0},"end":{"line":72,"column":6}},"74":{"start":{"line":75,"column":0},"end":{"line":75,"column":58}},"75":{"start":{"line":76,"column":0},"end":{"line":76,"column":38}},"76":{"start":{"line":77,"column":0},"end":{"line":77,"column":40}},"77":{"start":{"line":78,"column":0},"end":{"line":78,"column":38}},"78":{"start":{"line":79,"column":0},"end":{"line":79,"column":38}},"79":{"start":{"line":80,"column":0},"end":{"line":80,"column":7}},"80":{"start":{"line":81,"column":0},"end":{"line":81,"column":44}},"81":{"start":{"line":82,"column":0},"end":{"line":82,"column":5}},"83":{"start":{"line":84,"column":0},"end":{"line":84,"column":65}},"86":{"start":{"line":87,"column":0},"end":{"line":87,"column":51}},"89":{"start":{"line":90,"column":0},"end":{"line":90,"column":44}},"90":{"start":{"line":91,"column":0},"end":{"line":91,"column":51}},"91":{"start":{"line":92,"column":0},"end":{"line":92,"column":41}},"92":{"start":{"line":93,"column":0},"end":{"line":93,"column":45}},"94":{"start":{"line":95,"column":0},"end":{"line":95,"column":24}},"96":{"start":{"line":97,"column":0},"end":{"line":97,"column":39}},"98":{"start":{"line":99,"column":0},"end":{"line":99,"column":42}},"99":{"start":{"line":100,"column":0},"end":{"line":100,"column":88}},"100":{"start":{"line":101,"column":0},"end":{"line":101,"column":65}},"101":{"start":{"line":102,"column":0},"end":{"line":102,"column":16}},"103":{"start":{"line":104,"column":0},"end":{"line":104,"column":82}},"104":{"start":{"line":105,"column":0},"end":{"line":105,"column":79}},"105":{"start":{"line":106,"column":0},"end":{"line":106,"column":60}},"106":{"start":{"line":107,"column":0},"end":{"line":107,"column":37}},"107":{"start":{"line":108,"column":0},"end":{"line":108,"column":40}},"108":{"start":{"line":109,"column":0},"end":{"line":109,"column":13}},"109":{"start":{"line":110,"column":0},"end":{"line":110,"column":98}},"110":{"start":{"line":111,"column":0},"end":{"line":111,"column":9}},"111":{"start":{"line":112,"column":0},"end":{"line":112,"column":14}},"113":{"start":{"line":114,"column":0},"end":{"line":114,"column":84}},"116":{"start":{"line":117,"column":0},"end":{"line":117,"column":84}},"117":{"start":{"line":118,"column":0},"end":{"line":118,"column":80}},"120":{"start":{"line":121,"column":0},"end":{"line":121,"column":77}},"121":{"start":{"line":122,"column":0},"end":{"line":122,"column":58}},"122":{"start":{"line":123,"column":0},"end":{"line":123,"column":35}},"123":{"start":{"line":124,"column":0},"end":{"line":124,"column":38}},"124":{"start":{"line":125,"column":0},"end":{"line":125,"column":11}},"125":{"start":{"line":126,"column":0},"end":{"line":126,"column":80}},"126":{"start":{"line":127,"column":0},"end":{"line":127,"column":96}},"127":{"start":{"line":128,"column":0},"end":{"line":128,"column":7}},"128":{"start":{"line":129,"column":0},"end":{"line":129,"column":5}},"131":{"start":{"line":132,"column":0},"end":{"line":132,"column":56}},"134":{"start":{"line":135,"column":0},"end":{"line":135,"column":46}},"135":{"start":{"line":136,"column":0},"end":{"line":136,"column":66}},"137":{"start":{"line":138,"column":0},"end":{"line":138,"column":16}},"138":{"start":{"line":139,"column":0},"end":{"line":139,"column":3}},"139":{"start":{"line":140,"column":0},"end":{"line":140,"column":2}},"141":{"start":{"line":142,"column":0},"end":{"line":142,"column":41}},"142":{"start":{"line":143,"column":0},"end":{"line":143,"column":52}},"143":{"start":{"line":144,"column":0},"end":{"line":144,"column":20}},"145":{"start":{"line":146,"column":0},"end":{"line":146,"column":37}},"146":{"start":{"line":147,"column":0},"end":{"line":147,"column":56}},"147":{"start":{"line":148,"column":0},"end":{"line":148,"column":18}},"148":{"start":{"line":149,"column":0},"end":{"line":149,"column":5}},"150":{"start":{"line":151,"column":0},"end":{"line":151,"column":47}},"151":{"start":{"line":152,"column":0},"end":{"line":152,"column":29}},"154":{"start":{"line":155,"column":0},"end":{"line":155,"column":69}},"155":{"start":{"line":156,"column":0},"end":{"line":156,"column":53}},"156":{"start":{"line":157,"column":0},"end":{"line":157,"column":36}},"158":{"start":{"line":159,"column":0},"end":{"line":159,"column":44}},"159":{"start":{"line":160,"column":0},"end":{"line":160,"column":19}},"160":{"start":{"line":161,"column":0},"end":{"line":161,"column":81}},"161":{"start":{"line":162,"column":0},"end":{"line":162,"column":8}},"162":{"start":{"line":163,"column":0},"end":{"line":163,"column":18}},"163":{"start":{"line":164,"column":0},"end":{"line":164,"column":5}},"165":{"start":{"line":166,"column":0},"end":{"line":166,"column":65}},"166":{"start":{"line":167,"column":0},"end":{"line":167,"column":55}},"169":{"start":{"line":170,"column":0},"end":{"line":170,"column":71}},"170":{"start":{"line":171,"column":0},"end":{"line":171,"column":53}},"171":{"start":{"line":172,"column":0},"end":{"line":172,"column":42}},"173":{"start":{"line":174,"column":0},"end":{"line":174,"column":55}},"175":{"start":{"line":176,"column":0},"end":{"line":176,"column":16}},"176":{"start":{"line":177,"column":0},"end":{"line":177,"column":122}},"177":{"start":{"line":178,"column":0},"end":{"line":178,"column":6}},"180":{"start":{"line":181,"column":0},"end":{"line":181,"column":50}},"181":{"start":{"line":182,"column":0},"end":{"line":182,"column":50}},"182":{"start":{"line":183,"column":0},"end":{"line":183,"column":18}},"183":{"start":{"line":184,"column":0},"end":{"line":184,"column":5}},"186":{"start":{"line":187,"column":0},"end":{"line":187,"column":77}},"189":{"start":{"line":190,"column":0},"end":{"line":190,"column":52}},"190":{"start":{"line":191,"column":0},"end":{"line":191,"column":34}},"191":{"start":{"line":192,"column":0},"end":{"line":192,"column":90}},"192":{"start":{"line":193,"column":0},"end":{"line":193,"column":18}},"193":{"start":{"line":194,"column":0},"end":{"line":194,"column":5}},"195":{"start":{"line":196,"column":0},"end":{"line":196,"column":92}},"197":{"start":{"line":198,"column":0},"end":{"line":198,"column":49}},"198":{"start":{"line":199,"column":0},"end":{"line":199,"column":42}},"199":{"start":{"line":200,"column":0},"end":{"line":200,"column":29}},"200":{"start":{"line":201,"column":0},"end":{"line":201,"column":25}},"201":{"start":{"line":202,"column":0},"end":{"line":202,"column":26}},"202":{"start":{"line":203,"column":0},"end":{"line":203,"column":7}},"203":{"start":{"line":204,"column":0},"end":{"line":204,"column":5}},"205":{"start":{"line":206,"column":0},"end":{"line":206,"column":16}},"206":{"start":{"line":207,"column":0},"end":{"line":207,"column":77}},"207":{"start":{"line":208,"column":0},"end":{"line":208,"column":6}},"210":{"start":{"line":211,"column":0},"end":{"line":211,"column":51}},"213":{"start":{"line":214,"column":0},"end":{"line":214,"column":59}},"216":{"start":{"line":217,"column":0},"end":{"line":217,"column":73}},"217":{"start":{"line":218,"column":0},"end":{"line":218,"column":74}},"218":{"start":{"line":219,"column":0},"end":{"line":219,"column":80}},"221":{"start":{"line":222,"column":0},"end":{"line":222,"column":63}},"224":{"start":{"line":225,"column":0},"end":{"line":225,"column":81}},"225":{"start":{"line":226,"column":0},"end":{"line":226,"column":51}},"228":{"start":{"line":229,"column":0},"end":{"line":229,"column":66}},"229":{"start":{"line":230,"column":0},"end":{"line":230,"column":85}},"230":{"start":{"line":231,"column":0},"end":{"line":231,"column":6}},"231":{"start":{"line":232,"column":0},"end":{"line":232,"column":74}},"233":{"start":{"line":234,"column":0},"end":{"line":234,"column":62}},"234":{"start":{"line":235,"column":0},"end":{"line":235,"column":10}},"236":{"start":{"line":237,"column":0},"end":{"line":237,"column":70}},"237":{"start":{"line":238,"column":0},"end":{"line":238,"column":63}},"238":{"start":{"line":239,"column":0},"end":{"line":239,"column":56}},"239":{"start":{"line":240,"column":0},"end":{"line":240,"column":6}},"241":{"start":{"line":242,"column":0},"end":{"line":242,"column":36}},"242":{"start":{"line":243,"column":0},"end":{"line":243,"column":61}},"243":{"start":{"line":244,"column":0},"end":{"line":244,"column":18}},"244":{"start":{"line":245,"column":0},"end":{"line":245,"column":99}},"245":{"start":{"line":246,"column":0},"end":{"line":246,"column":8}},"246":{"start":{"line":247,"column":0},"end":{"line":247,"column":39}},"247":{"start":{"line":248,"column":0},"end":{"line":248,"column":73}},"248":{"start":{"line":249,"column":0},"end":{"line":249,"column":7}},"249":{"start":{"line":250,"column":0},"end":{"line":250,"column":5}},"252":{"start":{"line":253,"column":0},"end":{"line":253,"column":35}},"253":{"start":{"line":254,"column":0},"end":{"line":254,"column":65}},"255":{"start":{"line":256,"column":0},"end":{"line":256,"column":16}},"256":{"start":{"line":257,"column":0},"end":{"line":257,"column":3}},"257":{"start":{"line":258,"column":0},"end":{"line":258,"column":2}}},"s":{"0":0,"1":0,"2":0,"3":0,"6":0,"18":0,"19":0,"20":0,"21":0,"22":0,"23":0,"24":0,"25":0,"26":0,"27":0,"31":0,"32":0,"33":0,"34":0,"37":0,"38":0,"39":0,"41":0,"42":0,"43":0,"44":0,"47":0,"48":0,"51":0,"52":0,"53":0,"56":0,"58":0,"59":0,"60":0,"63":0,"64":0,"65":0,"66":0,"69":0,"70":0,"71":0,"74":0,"75":0,"76":0,"77":0,"78":0,"79":0,"80":0,"81":0,"83":0,"86":0,"89":0,"90":0,"91":0,"92":0,"94":0,"96":0,"98":0,"99":0,"100":0,"101":0,"103":0,"104":0,"105":0,"106":0,"107":0,"108":0,"109":0,"110":0,"111":0,"113":0,"116":0,"117":0,"120":0,"121":0,"122":0,"123":0,"124":0,"125":0,"126":0,"127":0,"128":0,"131":0,"134":0,"135":0,"137":0,"138":0,"139":0,"141":0,"142":0,"143":0,"145":0,"146":0,"147":0,"148":0,"150":0,"151":0,"154":0,"155":0,"156":0,"158":0,"159":0,"160":0,"161":0,"162":0,"163":0,"165":0,"166":0,"169":0,"170":0,"171":0,"173":0,"175":0,"176":0,"177":0,"180":0,"181":0,"182":0,"183":0,"186":0,"189":0,"190":0,"191":0,"192":0,"193":0,"195":0,"197":0,"198":0,"199":0,"200":0,"201":0,"202":0,"203":0,"205":0,"206":0,"207":0,"210":0,"213":0,"216":0,"217":0,"218":0,"221":0,"224":0,"225":0,"228":0,"229":0,"230":0,"231":0,"233":0,"234":0,"236":0,"237":0,"238":0,"239":0,"241":0,"242":0,"243":0,"244":0,"245":0,"246":0,"247":0,"248":0,"249":0,"252":0,"253":0,"255":0,"256":0,"257":0},"branchMap":{"0":{"type":"branch","line":1,"loc":{"start":{"line":1,"column":9595},"end":{"line":258,"column":2}},"locations":[{"start":{"line":1,"column":9595},"end":{"line":258,"column":2}}]}},"b":{"0":[0]},"fnMap":{"0":{"name":"(empty-report)","decl":{"start":{"line":1,"column":9595},"end":{"line":258,"column":2}},"loc":{"start":{"line":1,"column":9595},"end":{"line":258,"column":2}},"line":1}},"f":{"0":0}}
,"/Users/eikoreisz/Documents/GitHub/CS392-RapidProto/room-sorting-app/functions/src/types.ts": {"path":"/Users/eikoreisz/Documents/GitHub/CS392-RapidProto/room-sorting-app/functions/src/types.ts","all":true,"statementMap":{},"s":{},"branchMap":{"0":{"type":"branch","line":1,"loc":{"start":{"line":1,"column":511},"end":{"line":30,"column":2}},"locations":[{"start":{"line":1,"column":511},"end":{"line":30,"column":2}}]}},"b":{"0":[1]},"fnMap":{"0":{"name":"(empty-report)","decl":{"start":{"line":1,"column":511},"end":{"line":30,"column":2}},"loc":{"start":{"line":1,"column":511},"end":{"line":30,"column":2}},"line":1}},"f":{"0":1}}
,"/Users/eikoreisz/Documents/GitHub/CS392-RapidProto/room-sorting-app/functions/src/services/auctionFirebaseAdmin.ts": {"path":"/Users/eikoreisz/Documents/GitHub/CS392-RapidProto/room-sorting-app/functions/src/services/auctionFirebaseAdmin.ts","all":true,"statementMap":{"0":{"start":{"line":1,"column":0},"end":{"line":1,"column":13}},"1":{"start":{"line":2,"column":0},"end":{"line":2,"column":97}},"3":{"start":{"line":4,"column":0},"end":{"line":4,"column":53}},"6":{"start":{"line":7,"column":0},"end":{"line":7,"column":5}},"7":{"start":{"line":8,"column":0},"end":{"line":8,"column":39}},"8":{"start":{"line":9,"column":0},"end":{"line":9,"column":29}},"10":{"start":{"line":11,"column":0},"end":{"line":11,"column":17}},"13":{"start":{"line":14,"column":0},"end":{"line":14,"column":72}},"14":{"start":{"line":15,"column":0},"end":{"line":15,"column":21}},"15":{"start":{"line":16,"column":0},"end":{"line":16,"column":21}},"17":{"start":{"line":18,"column":0},"end":{"line":18,"column":64}},"20":{"start":{"line":21,"column":0},"end":{"line":21,"column":24}},"21":{"start":{"line":22,"column":0},"end":{"line":22,"column":95}},"22":{"start":{"line":23,"column":0},"end":{"line":23,"column":22}},"44":{"start":{"line":45,"column":0},"end":{"line":45,"column":46}},"45":{"start":{"line":46,"column":0},"end":{"line":46,"column":3}},"46":{"start":{"line":47,"column":0},"end":{"line":47,"column":28}},"47":{"start":{"line":48,"column":0},"end":{"line":48,"column":3}},"48":{"start":{"line":49,"column":0},"end":{"line":49,"column":30}},"49":{"start":{"line":50,"column":0},"end":{"line":50,"column":75}},"50":{"start":{"line":51,"column":0},"end":{"line":51,"column":2}},"51":{"start":{"line":52,"column":0},"end":{"line":52,"column":40}},"53":{"start":{"line":54,"column":0},"end":{"line":54,"column":21}},"54":{"start":{"line":55,"column":0},"end":{"line":55,"column":3}},"55":{"start":{"line":56,"column":0},"end":{"line":56,"column":37}},"56":{"start":{"line":57,"column":0},"end":{"line":57,"column":11}},"57":{"start":{"line":58,"column":0},"end":{"line":58,"column":55}},"58":{"start":{"line":59,"column":0},"end":{"line":59,"column":49}},"59":{"start":{"line":60,"column":0},"end":{"line":60,"column":46}},"60":{"start":{"line":61,"column":0},"end":{"line":61,"column":21}},"61":{"start":{"line":62,"column":0},"end":{"line":62,"column":36}},"63":{"start":{"line":64,"column":0},"end":{"line":64,"column":18}},"64":{"start":{"line":65,"column":0},"end":{"line":65,"column":18}},"65":{"start":{"line":66,"column":0},"end":{"line":66,"column":22}},"66":{"start":{"line":67,"column":0},"end":{"line":67,"column":6}},"67":{"start":{"line":68,"column":0},"end":{"line":68,"column":16}},"68":{"start":{"line":69,"column":0},"end":{"line":69,"column":41}},"70":{"start":{"line":71,"column":0},"end":{"line":71,"column":33}},"71":{"start":{"line":72,"column":0},"end":{"line":72,"column":28}},"72":{"start":{"line":73,"column":0},"end":{"line":73,"column":59}},"74":{"start":{"line":75,"column":0},"end":{"line":75,"column":10}},"77":{"start":{"line":78,"column":0},"end":{"line":78,"column":29}},"78":{"start":{"line":79,"column":0},"end":{"line":79,"column":81}},"79":{"start":{"line":80,"column":0},"end":{"line":80,"column":29}},"80":{"start":{"line":81,"column":0},"end":{"line":81,"column":28}},"81":{"start":{"line":82,"column":0},"end":{"line":82,"column":6}},"82":{"start":{"line":83,"column":0},"end":{"line":83,"column":55}},"83":{"start":{"line":84,"column":0},"end":{"line":84,"column":21}},"84":{"start":{"line":85,"column":0},"end":{"line":85,"column":2}},"85":{"start":{"line":86,"column":0},"end":{"line":86,"column":34}},"87":{"start":{"line":88,"column":0},"end":{"line":88,"column":13}},"90":{"start":{"line":91,"column":0},"end":{"line":91,"column":49}},"91":{"start":{"line":92,"column":0},"end":{"line":92,"column":63}},"92":{"start":{"line":93,"column":0},"end":{"line":93,"column":23}},"93":{"start":{"line":94,"column":0},"end":{"line":94,"column":29}},"94":{"start":{"line":95,"column":0},"end":{"line":95,"column":28}},"95":{"start":{"line":96,"column":0},"end":{"line":96,"column":7}},"96":{"start":{"line":97,"column":0},"end":{"line":97,"column":18}},"98":{"start":{"line":99,"column":0},"end":{"line":99,"column":44}},"101":{"start":{"line":102,"column":0},"end":{"line":102,"column":3}},"102":{"start":{"line":103,"column":0},"end":{"line":103,"column":66}},"103":{"start":{"line":104,"column":0},"end":{"line":104,"column":84}},"104":{"start":{"line":105,"column":0},"end":{"line":105,"column":2}},"105":{"start":{"line":106,"column":0},"end":{"line":106,"column":50}},"106":{"start":{"line":107,"column":0},"end":{"line":107,"column":3}},"107":{"start":{"line":108,"column":0},"end":{"line":108,"column":15}},"108":{"start":{"line":109,"column":0},"end":{"line":109,"column":3}},"109":{"start":{"line":110,"column":0},"end":{"line":110,"column":67}},"110":{"start":{"line":111,"column":0},"end":{"line":111,"column":12}},"112":{"start":{"line":113,"column":0},"end":{"line":113,"column":50}},"115":{"start":{"line":116,"column":0},"end":{"line":116,"column":3}},"116":{"start":{"line":117,"column":0},"end":{"line":117,"column":24}},"117":{"start":{"line":118,"column":0},"end":{"line":118,"column":3}},"119":{"start":{"line":120,"column":0},"end":{"line":120,"column":61}},"122":{"start":{"line":123,"column":0},"end":{"line":123,"column":3}},"123":{"start":{"line":124,"column":0},"end":{"line":124,"column":25}},"124":{"start":{"line":125,"column":0},"end":{"line":125,"column":3}},"125":{"start":{"line":126,"column":0},"end":{"line":126,"column":74}},"126":{"start":{"line":127,"column":0},"end":{"line":127,"column":66}},"127":{"start":{"line":128,"column":0},"end":{"line":128,"column":31}},"128":{"start":{"line":129,"column":0},"end":{"line":129,"column":25}},"129":{"start":{"line":130,"column":0},"end":{"line":130,"column":7}},"130":{"start":{"line":131,"column":0},"end":{"line":131,"column":2}},"131":{"start":{"line":132,"column":0},"end":{"line":132,"column":52}},"132":{"start":{"line":133,"column":0},"end":{"line":133,"column":3}},"134":{"start":{"line":135,"column":0},"end":{"line":135,"column":3}},"137":{"start":{"line":138,"column":0},"end":{"line":138,"column":2}},"138":{"start":{"line":139,"column":0},"end":{"line":139,"column":52}},"139":{"start":{"line":140,"column":0},"end":{"line":140,"column":3}},"140":{"start":{"line":141,"column":0},"end":{"line":141,"column":18}},"141":{"start":{"line":142,"column":0},"end":{"line":142,"column":3}},"142":{"start":{"line":143,"column":0},"end":{"line":143,"column":45}},"143":{"start":{"line":144,"column":0},"end":{"line":144,"column":60}},"145":{"start":{"line":146,"column":0},"end":{"line":146,"column":40}},"148":{"start":{"line":149,"column":0},"end":{"line":149,"column":3}},"149":{"start":{"line":150,"column":0},"end":{"line":150,"column":50}},"150":{"start":{"line":151,"column":0},"end":{"line":151,"column":68}},"152":{"start":{"line":153,"column":0},"end":{"line":153,"column":35}},"155":{"start":{"line":156,"column":0},"end":{"line":156,"column":54}},"156":{"start":{"line":157,"column":0},"end":{"line":157,"column":56}},"157":{"start":{"line":158,"column":0},"end":{"line":158,"column":5}},"158":{"start":{"line":159,"column":0},"end":{"line":159,"column":58}},"160":{"start":{"line":161,"column":0},"end":{"line":161,"column":50}},"161":{"start":{"line":162,"column":0},"end":{"line":162,"column":48}}},"s":{"0":0,"1":0,"3":0,"6":0,"7":0,"8":0,"10":0,"13":0,"14":0,"15":0,"17":0,"20":0,"21":0,"22":0,"44":0,"45":0,"46":0,"47":0,"48":0,"49":0,"50":0,"51":0,"53":0,"54":0,"55":0,"56":0,"57":0,"58":0,"59":0,"60":0,"61":0,"63":0,"64":0,"65":0,"66":0,"67":0,"68":0,"70":0,"71":0,"72":0,"74":0,"77":0,"78":0,"79":0,"80":0,"81":0,"82":0,"83":0,"84":0,"85":0,"87":0,"90":0,"91":0,"92":0,"93":0,"94":0,"95":0,"96":0,"98":0,"101":0,"102":0,"103":0,"104":0,"105":0,"106":0,"107":0,"108":0,"109":0,"110":0,"112":0,"115":0,"116":0,"117":0,"119":0,"122":0,"123":0,"124":0,"125":0,"126":0,"127":0,"128":0,"129":0,"130":0,"131":0,"132":0,"134":0,"137":0,"138":0,"139":0,"140":0,"141":0,"142":0,"143":0,"145":0,"148":0,"149":0,"150":0,"152":0,"155":0,"156":0,"157":0,"158":0,"160":0,"161":0},"branchMap":{"0":{"type":"branch","line":1,"loc":{"start":{"line":1,"column":5528},"end":{"line":162,"column":48}},"locations":[{"start":{"line":1,"column":5528},"end":{"line":162,"column":48}}]}},"b":{"0":[0]},"fnMap":{"0":{"name":"(empty-report)","decl":{"start":{"line":1,"column":5528},"end":{"line":162,"column":48}},"loc":{"start":{"line":1,"column":5528},"end":{"line":162,"column":48}},"line":1}},"f":{"0":0}}
,"/Users/eikoreisz/Documents/GitHub/CS392-RapidProto/room-sorting-app/functions/src/services/auctionLogic.ts": {"path":"/Users/eikoreisz/Documents/GitHub/CS392-RapidProto/room-sorting-app/functions/src/services/auctionLogic.ts","all":true,"statementMap":{"1":{"start":{"line":2,"column":0},"end":{"line":2,"column":62}},"8":{"start":{"line":9,"column":0},"end":{"line":9,"column":42}},"9":{"start":{"line":10,"column":0},"end":{"line":10,"column":87}},"12":{"start":{"line":13,"column":0},"end":{"line":13,"column":42}},"13":{"start":{"line":14,"column":0},"end":{"line":14,"column":7}},"14":{"start":{"line":15,"column":0},"end":{"line":15,"column":37}},"16":{"start":{"line":17,"column":0},"end":{"line":17,"column":45}},"19":{"start":{"line":20,"column":0},"end":{"line":20,"column":58}},"20":{"start":{"line":21,"column":0},"end":{"line":21,"column":60}},"22":{"start":{"line":23,"column":0},"end":{"line":23,"column":64}},"23":{"start":{"line":24,"column":0},"end":{"line":24,"column":13}},"24":{"start":{"line":25,"column":0},"end":{"line":25,"column":11}},"25":{"start":{"line":26,"column":0},"end":{"line":26,"column":46}},"26":{"start":{"line":27,"column":0},"end":{"line":27,"column":45}},"27":{"start":{"line":28,"column":0},"end":{"line":28,"column":57}},"28":{"start":{"line":29,"column":0},"end":{"line":29,"column":42}},"29":{"start":{"line":30,"column":0},"end":{"line":30,"column":5}},"30":{"start":{"line":31,"column":0},"end":{"line":31,"column":7}},"32":{"start":{"line":33,"column":0},"end":{"line":33,"column":7}},"33":{"start":{"line":34,"column":0},"end":{"line":34,"column":64}},"34":{"start":{"line":35,"column":0},"end":{"line":35,"column":35}},"35":{"start":{"line":36,"column":0},"end":{"line":36,"column":84}},"36":{"start":{"line":37,"column":0},"end":{"line":37,"column":62}},"38":{"start":{"line":39,"column":0},"end":{"line":39,"column":74}},"41":{"start":{"line":42,"column":0},"end":{"line":42,"column":53}},"42":{"start":{"line":43,"column":0},"end":{"line":43,"column":7}},"43":{"start":{"line":44,"column":0},"end":{"line":44,"column":38}},"45":{"start":{"line":46,"column":0},"end":{"line":46,"column":5}},"46":{"start":{"line":47,"column":0},"end":{"line":47,"column":7}},"47":{"start":{"line":48,"column":0},"end":{"line":48,"column":49}},"48":{"start":{"line":49,"column":0},"end":{"line":49,"column":7}},"50":{"start":{"line":51,"column":0},"end":{"line":51,"column":27}},"53":{"start":{"line":54,"column":0},"end":{"line":54,"column":61}},"54":{"start":{"line":55,"column":0},"end":{"line":55,"column":37}},"55":{"start":{"line":56,"column":0},"end":{"line":56,"column":23}},"56":{"start":{"line":57,"column":0},"end":{"line":57,"column":38}},"57":{"start":{"line":58,"column":0},"end":{"line":58,"column":81}},"59":{"start":{"line":60,"column":0},"end":{"line":60,"column":39}},"62":{"start":{"line":63,"column":0},"end":{"line":63,"column":81}},"63":{"start":{"line":64,"column":0},"end":{"line":64,"column":73}},"65":{"start":{"line":66,"column":0},"end":{"line":66,"column":13}},"66":{"start":{"line":67,"column":0},"end":{"line":67,"column":11}},"67":{"start":{"line":68,"column":0},"end":{"line":68,"column":41}},"69":{"start":{"line":70,"column":0},"end":{"line":70,"column":73}},"71":{"start":{"line":72,"column":0},"end":{"line":72,"column":61}},"72":{"start":{"line":73,"column":0},"end":{"line":73,"column":39}},"73":{"start":{"line":74,"column":0},"end":{"line":74,"column":81}},"74":{"start":{"line":75,"column":0},"end":{"line":75,"column":26}},"76":{"start":{"line":77,"column":0},"end":{"line":77,"column":9}},"77":{"start":{"line":78,"column":0},"end":{"line":78,"column":5}},"78":{"start":{"line":79,"column":0},"end":{"line":79,"column":7}},"79":{"start":{"line":80,"column":0},"end":{"line":80,"column":55}},"80":{"start":{"line":81,"column":0},"end":{"line":81,"column":7}},"81":{"start":{"line":82,"column":0},"end":{"line":82,"column":60}},"82":{"start":{"line":83,"column":0},"end":{"line":83,"column":95}},"84":{"start":{"line":85,"column":0},"end":{"line":85,"column":65}},"85":{"start":{"line":86,"column":0},"end":{"line":86,"column":106}},"86":{"start":{"line":87,"column":0},"end":{"line":87,"column":41}},"88":{"start":{"line":89,"column":0},"end":{"line":89,"column":56}},"89":{"start":{"line":90,"column":0},"end":{"line":90,"column":110}},"91":{"start":{"line":92,"column":0},"end":{"line":92,"column":9}},"92":{"start":{"line":93,"column":0},"end":{"line":93,"column":5}},"93":{"start":{"line":94,"column":0},"end":{"line":94,"column":7}},"94":{"start":{"line":95,"column":0},"end":{"line":95,"column":60}},"95":{"start":{"line":96,"column":0},"end":{"line":96,"column":7}},"96":{"start":{"line":97,"column":0},"end":{"line":97,"column":61}},"98":{"start":{"line":99,"column":0},"end":{"line":99,"column":31}},"101":{"start":{"line":102,"column":0},"end":{"line":102,"column":9}},"102":{"start":{"line":103,"column":0},"end":{"line":103,"column":21}},"103":{"start":{"line":104,"column":0},"end":{"line":104,"column":5}},"104":{"start":{"line":105,"column":0},"end":{"line":105,"column":7}},"105":{"start":{"line":106,"column":0},"end":{"line":106,"column":54}},"107":{"start":{"line":108,"column":0},"end":{"line":108,"column":57}},"108":{"start":{"line":109,"column":0},"end":{"line":109,"column":33}},"110":{"start":{"line":111,"column":0},"end":{"line":111,"column":48}},"111":{"start":{"line":112,"column":0},"end":{"line":112,"column":109}},"112":{"start":{"line":113,"column":0},"end":{"line":113,"column":36}},"113":{"start":{"line":114,"column":0},"end":{"line":114,"column":98}},"114":{"start":{"line":115,"column":0},"end":{"line":115,"column":17}},"116":{"start":{"line":117,"column":0},"end":{"line":117,"column":13}},"119":{"start":{"line":120,"column":0},"end":{"line":120,"column":57}},"120":{"start":{"line":121,"column":0},"end":{"line":121,"column":68}},"122":{"start":{"line":123,"column":0},"end":{"line":123,"column":75}},"123":{"start":{"line":124,"column":0},"end":{"line":124,"column":21}},"124":{"start":{"line":125,"column":0},"end":{"line":125,"column":26}},"125":{"start":{"line":126,"column":0},"end":{"line":126,"column":62}},"127":{"start":{"line":128,"column":0},"end":{"line":128,"column":21}},"128":{"start":{"line":129,"column":0},"end":{"line":129,"column":17}},"130":{"start":{"line":131,"column":0},"end":{"line":131,"column":27}},"133":{"start":{"line":134,"column":0},"end":{"line":134,"column":66}},"134":{"start":{"line":135,"column":0},"end":{"line":135,"column":17}},"135":{"start":{"line":136,"column":0},"end":{"line":136,"column":22}},"136":{"start":{"line":137,"column":0},"end":{"line":137,"column":29}},"137":{"start":{"line":138,"column":0},"end":{"line":138,"column":56}},"138":{"start":{"line":139,"column":0},"end":{"line":139,"column":22}},"139":{"start":{"line":140,"column":0},"end":{"line":140,"column":9}},"140":{"start":{"line":141,"column":0},"end":{"line":141,"column":5}},"141":{"start":{"line":142,"column":0},"end":{"line":142,"column":7}},"142":{"start":{"line":143,"column":0},"end":{"line":143,"column":56}},"143":{"start":{"line":144,"column":0},"end":{"line":144,"column":7}},"144":{"start":{"line":145,"column":0},"end":{"line":145,"column":58}},"145":{"start":{"line":146,"column":0},"end":{"line":146,"column":27}},"146":{"start":{"line":147,"column":0},"end":{"line":147,"column":50}},"147":{"start":{"line":148,"column":0},"end":{"line":148,"column":67}},"148":{"start":{"line":149,"column":0},"end":{"line":149,"column":37}},"149":{"start":{"line":150,"column":0},"end":{"line":150,"column":79}},"150":{"start":{"line":151,"column":0},"end":{"line":151,"column":79}},"151":{"start":{"line":152,"column":0},"end":{"line":152,"column":13}},"152":{"start":{"line":153,"column":0},"end":{"line":153,"column":11}},"153":{"start":{"line":154,"column":0},"end":{"line":154,"column":27}},"154":{"start":{"line":155,"column":0},"end":{"line":155,"column":73}},"156":{"start":{"line":157,"column":0},"end":{"line":157,"column":62}},"157":{"start":{"line":158,"column":0},"end":{"line":158,"column":5}},"158":{"start":{"line":159,"column":0},"end":{"line":159,"column":1}},"159":{"start":{"line":160,"column":0},"end":{"line":160,"column":50}},"160":{"start":{"line":161,"column":0},"end":{"line":161,"column":40}}},"s":{"1":0,"8":0,"9":0,"12":0,"13":0,"14":0,"16":0,"19":0,"20":0,"22":0,"23":0,"24":0,"25":0,"26":0,"27":0,"28":0,"29":0,"30":0,"32":0,"33":0,"34":0,"35":0,"36":0,"38":0,"41":0,"42":0,"43":0,"45":0,"46":0,"47":0,"48":0,"50":0,"53":0,"54":0,"55":0,"56":0,"57":0,"59":0,"62":0,"63":0,"65":0,"66":0,"67":0,"69":0,"71":0,"72":0,"73":0,"74":0,"76":0,"77":0,"78":0,"79":0,"80":0,"81":0,"82":0,"84":0,"85":0,"86":0,"88":0,"89":0,"91":0,"92":0,"93":0,"94":0,"95":0,"96":0,"98":0,"101":0,"102":0,"103":0,"104":0,"105":0,"107":0,"108":0,"110":0,"111":0,"112":0,"113":0,"114":0,"116":0,"119":0,"120":0,"122":0,"123":0,"124":0,"125":0,"127":0,"128":0,"130":0,"133":0,"134":0,"135":0,"136":0,"137":0,"138":0,"139":0,"140":0,"141":0,"142":0,"143":0,"144":0,"145":0,"146":0,"147":0,"148":0,"149":0,"150":0,"151":0,"152":0,"153":0,"154":0,"156":0,"157":0,"158":0,"159":0,"160":0},"branchMap":{"0":{"type":"branch","line":1,"loc":{"start":{"line":1,"column":6922},"end":{"line":161,"column":40}},"locations":[{"start":{"line":1,"column":6922},"end":{"line":161,"column":40}}]}},"b":{"0":[1]},"fnMap":{"0":{"name":"(empty-report)","decl":{"start":{"line":1,"column":6922},"end":{"line":161,"column":40}},"loc":{"start":{"line":1,"column":6922},"end":{"line":161,"column":40}},"line":1}},"f":{"0":1}}
,"/Users/eikoreisz/Documents/GitHub/CS392-RapidProto/room-sorting-app/src/App.tsx": {"path":"/Users/eikoreisz/Documents/GitHub/CS392-RapidProto/room-sorting-app/src/App.tsx","all":true,"statementMap":{"0":{"start":{"line":1,"column":0},"end":{"line":1,"column":73}},"1":{"start":{"line":2,"column":0},"end":{"line":2,"column":44}},"2":{"start":{"line":3,"column":0},"end":{"line":3,"column":61}},"3":{"start":{"line":4,"column":0},"end":{"line":4,"column":55}},"4":{"start":{"line":5,"column":0},"end":{"line":5,"column":95}},"8":{"start":{"line":9,"column":0},"end":{"line":9,"column":24}},"9":{"start":{"line":10,"column":0},"end":{"line":10,"column":33}},"11":{"start":{"line":12,"column":0},"end":{"line":12,"column":74}},"12":{"start":{"line":13,"column":0},"end":{"line":13,"column":9}},"13":{"start":{"line":14,"column":0},"end":{"line":14,"column":51}},"14":{"start":{"line":15,"column":0},"end":{"line":15,"column":43}},"15":{"start":{"line":16,"column":0},"end":{"line":16,"column":19}},"16":{"start":{"line":17,"column":0},"end":{"line":17,"column":53}},"17":{"start":{"line":18,"column":0},"end":{"line":18,"column":5}},"18":{"start":{"line":19,"column":0},"end":{"line":19,"column":4}},"20":{"start":{"line":21,"column":0},"end":{"line":21,"column":10}},"21":{"start":{"line":22,"column":0},"end":{"line":22,"column":39}},"22":{"start":{"line":23,"column":0},"end":{"line":23,"column":60}},"23":{"start":{"line":24,"column":0},"end":{"line":24,"column":55}},"24":{"start":{"line":25,"column":0},"end":{"line":25,"column":10}},"26":{"start":{"line":27,"column":0},"end":{"line":27,"column":2}},"29":{"start":{"line":30,"column":0},"end":{"line":30,"column":31}},"30":{"start":{"line":31,"column":0},"end":{"line":31,"column":59}},"31":{"start":{"line":32,"column":0},"end":{"line":32,"column":63}},"32":{"start":{"line":33,"column":0},"end":{"line":33,"column":60}},"33":{"start":{"line":34,"column":0},"end":{"line":34,"column":47}},"35":{"start":{"line":36,"column":0},"end":{"line":36,"column":19}},"36":{"start":{"line":37,"column":0},"end":{"line":37,"column":27}},"39":{"start":{"line":40,"column":0},"end":{"line":40,"column":75}},"40":{"start":{"line":41,"column":0},"end":{"line":41,"column":23}},"41":{"start":{"line":42,"column":0},"end":{"line":42,"column":30}},"42":{"start":{"line":43,"column":0},"end":{"line":43,"column":5}},"44":{"start":{"line":45,"column":0},"end":{"line":45,"column":66}},"45":{"start":{"line":46,"column":0},"end":{"line":46,"column":31}},"46":{"start":{"line":47,"column":0},"end":{"line":47,"column":18}},"48":{"start":{"line":49,"column":0},"end":{"line":49,"column":34}},"49":{"start":{"line":50,"column":0},"end":{"line":50,"column":47}},"50":{"start":{"line":51,"column":0},"end":{"line":51,"column":9}},"51":{"start":{"line":52,"column":0},"end":{"line":52,"column":75}},"52":{"start":{"line":53,"column":0},"end":{"line":53,"column":67}},"53":{"start":{"line":54,"column":0},"end":{"line":54,"column":27}},"54":{"start":{"line":55,"column":0},"end":{"line":55,"column":21}},"55":{"start":{"line":56,"column":0},"end":{"line":56,"column":54}},"56":{"start":{"line":57,"column":0},"end":{"line":57,"column":5}},"57":{"start":{"line":58,"column":0},"end":{"line":58,"column":4}},"59":{"start":{"line":60,"column":0},"end":{"line":60,"column":17}},"60":{"start":{"line":61,"column":0},"end":{"line":61,"column":41}},"61":{"start":{"line":62,"column":0},"end":{"line":62,"column":3}},"63":{"start":{"line":64,"column":0},"end":{"line":64,"column":107}},"66":{"start":{"line":67,"column":0},"end":{"line":67,"column":16}},"67":{"start":{"line":68,"column":0},"end":{"line":68,"column":24}},"68":{"start":{"line":69,"column":0},"end":{"line":69,"column":14}},"69":{"start":{"line":70,"column":0},"end":{"line":70,"column":82}},"70":{"start":{"line":71,"column":0},"end":{"line":71,"column":70}},"71":{"start":{"line":72,"column":0},"end":{"line":72,"column":84}},"72":{"start":{"line":73,"column":0},"end":{"line":73,"column":14}},"74":{"start":{"line":75,"column":0},"end":{"line":75,"column":5}},"76":{"start":{"line":77,"column":0},"end":{"line":77,"column":12}},"77":{"start":{"line":78,"column":0},"end":{"line":78,"column":68}},"78":{"start":{"line":79,"column":0},"end":{"line":79,"column":68}},"79":{"start":{"line":80,"column":0},"end":{"line":80,"column":72}},"80":{"start":{"line":81,"column":0},"end":{"line":81,"column":14}},"81":{"start":{"line":82,"column":0},"end":{"line":82,"column":52}},"82":{"start":{"line":83,"column":0},"end":{"line":83,"column":33}},"83":{"start":{"line":84,"column":0},"end":{"line":84,"column":26}},"84":{"start":{"line":85,"column":0},"end":{"line":85,"column":55}},"85":{"start":{"line":86,"column":0},"end":{"line":86,"column":10}},"86":{"start":{"line":87,"column":0},"end":{"line":87,"column":15}},"87":{"start":{"line":88,"column":0},"end":{"line":88,"column":69}},"88":{"start":{"line":89,"column":0},"end":{"line":89,"column":30}},"89":{"start":{"line":90,"column":0},"end":{"line":90,"column":9}},"91":{"start":{"line":92,"column":0},"end":{"line":92,"column":17}},"92":{"start":{"line":93,"column":0},"end":{"line":93,"column":12}},"94":{"start":{"line":95,"column":0},"end":{"line":95,"column":3}},"97":{"start":{"line":98,"column":0},"end":{"line":98,"column":66}},"98":{"start":{"line":99,"column":0},"end":{"line":99,"column":2}},"101":{"start":{"line":102,"column":0},"end":{"line":102,"column":31}},"102":{"start":{"line":103,"column":0},"end":{"line":103,"column":10}},"103":{"start":{"line":104,"column":0},"end":{"line":104,"column":50}},"104":{"start":{"line":105,"column":0},"end":{"line":105,"column":14}},"105":{"start":{"line":106,"column":0},"end":{"line":106,"column":49}},"106":{"start":{"line":107,"column":0},"end":{"line":107,"column":74}},"107":{"start":{"line":108,"column":0},"end":{"line":108,"column":15}},"108":{"start":{"line":109,"column":0},"end":{"line":109,"column":10}},"110":{"start":{"line":111,"column":0},"end":{"line":111,"column":1}}},"s":{"0":0,"1":0,"2":0,"3":0,"4":0,"8":0,"9":0,"11":0,"12":0,"13":0,"14":0,"15":0,"16":0,"17":0,"18":0,"20":0,"21":0,"22":0,"23":0,"24":0,"26":0,"29":0,"30":0,"31":0,"32":0,"33":0,"35":0,"36":0,"39":0,"40":0,"41":0,"42":0,"44":0,"45":0,"46":0,"48":0,"49":0,"50":0,"51":0,"52":0,"53":0,"54":0,"55":0,"56":0,"57":0,"59":0,"60":0,"61":0,"63":0,"66":0,"67":0,"68":0,"69":0,"70":0,"71":0,"72":0,"74":0,"76":0,"77":0,"78":0,"79":0,"80":0,"81":0,"82":0,"83":0,"84":0,"85":0,"86":0,"87":0,"88":0,"89":0,"91":0,"92":0,"94":0,"97":0,"98":0,"101":0,"102":0,"103":0,"104":0,"105":0,"106":0,"107":0,"108":0,"110":0},"branchMap":{"0":{"type":"branch","line":1,"loc":{"start":{"line":1,"column":3563},"end":{"line":111,"column":1}},"locations":[{"start":{"line":1,"column":3563},"end":{"line":111,"column":1}}]}},"b":{"0":[0]},"fnMap":{"0":{"name":"(empty-report)","decl":{"start":{"line":1,"column":3563},"end":{"line":111,"column":1}},"loc":{"start":{"line":1,"column":3563},"end":{"line":111,"column":1}},"line":1}},"f":{"0":0}}
,"/Users/eikoreisz/Documents/GitHub/CS392-RapidProto/room-sorting-app/src/main.tsx": {"path":"/Users/eikoreisz/Documents/GitHub/CS392-RapidProto/room-sorting-app/src/main.tsx","all":true,"statementMap":{"0":{"start":{"line":1,"column":0},"end":{"line":1,"column":26}},"1":{"start":{"line":2,"column":0},"end":{"line":2,"column":40}},"2":{"start":{"line":3,"column":0},"end":{"line":3,"column":49}},"3":{"start":{"line":4,"column":0},"end":{"line":4,"column":24}},"4":{"start":{"line":5,"column":0},"end":{"line":5,"column":21}},"6":{"start":{"line":7,"column":0},"end":{"line":7,"column":61}},"7":{"start":{"line":8,"column":0},"end":{"line":8,"column":20}},"8":{"start":{"line":9,"column":0},"end":{"line":9,"column":19}},"9":{"start":{"line":10,"column":0},"end":{"line":10,"column":13}},"10":{"start":{"line":11,"column":0},"end":{"line":11,"column":20}},"11":{"start":{"line":12,"column":0},"end":{"line":12,"column":21}},"12":{"start":{"line":13,"column":0},"end":{"line":13,"column":2}}},"s":{"0":0,"1":0,"2":0,"3":0,"4":0,"6":0,"7":0,"8":0,"9":0,"10":0,"11":0,"12":0},"branchMap":{"0":{"type":"branch","line":1,"loc":{"start":{"line":1,"column":275},"end":{"line":13,"column":-209}},"locations":[{"start":{"line":1,"column":275},"end":{"line":13,"column":-209}}]}},"b":{"0":[0]},"fnMap":{"0":{"name":"(empty-report)","decl":{"start":{"line":1,"column":275},"end":{"line":13,"column":-209}},"loc":{"start":{"line":1,"column":275},"end":{"line":13,"column":-209}},"line":1}},"f":{"0":0}}
,"/Users/eikoreisz/Documents/GitHub/CS392-RapidProto/room-sorting-app/src/types.ts": {"path":"/Users/eikoreisz/Documents/GitHub/CS392-RapidProto/room-sorting-app/src/types.ts","all":true,"statementMap":{"0":{"start":{"line":1,"column":0},"end":{"line":1,"column":54}}},"s":{"0":0},"branchMap":{"0":{"type":"branch","line":1,"loc":{"start":{"line":1,"column":99},"end":{"line":3,"column":33}},"locations":[{"start":{"line":1,"column":99},"end":{"line":3,"column":33}}]}},"b":{"0":[0]},"fnMap":{"0":{"name":"(empty-report)","decl":{"start":{"line":1,"column":99},"end":{"line":3,"column":33}},"loc":{"start":{"line":1,"column":99},"end":{"line":3,"column":33}},"line":1}},"f":{"0":0}}
,"/Users/eikoreisz/Documents/GitHub/CS392-RapidProto/room-sorting-app/src/components/AuctionCreator.tsx": {"path":"/Users/eikoreisz/Documents/GitHub/CS392-RapidProto/room-sorting-app/src/components/AuctionCreator.tsx","all":false,"statementMap":{"0":{"start":{"line":1,"column":0},"end":{"line":1,"column":44}},"5":{"start":{"line":6,"column":0},"end":{"line":6,"column":125}},"6":{"start":{"line":7,"column":0},"end":{"line":7,"column":58}},"7":{"start":{"line":8,"column":0},"end":{"line":8,"column":50}},"8":{"start":{"line":9,"column":0},"end":{"line":9,"column":77}},"9":{"start":{"line":10,"column":0},"end":{"line":10,"column":60}},"12":{"start":{"line":13,"column":0},"end":{"line":13,"column":19}},"13":{"start":{"line":14,"column":0},"end":{"line":14,"column":40}},"14":{"start":{"line":15,"column":0},"end":{"line":15,"column":26}},"15":{"start":{"line":16,"column":0},"end":{"line":16,"column":43}},"16":{"start":{"line":17,"column":0},"end":{"line":17,"column":74}},"17":{"start":{"line":18,"column":0},"end":{"line":18,"column":18}},"18":{"start":{"line":19,"column":0},"end":{"line":19,"column":7}},"19":{"start":{"line":20,"column":0},"end":{"line":20,"column":14}},"21":{"start":{"line":22,"column":0},"end":{"line":22,"column":60}},"22":{"start":{"line":23,"column":0},"end":{"line":23,"column":70}},"23":{"start":{"line":24,"column":0},"end":{"line":24,"column":4}},"25":{"start":{"line":26,"column":0},"end":{"line":26,"column":30}},"26":{"start":{"line":27,"column":0},"end":{"line":27,"column":40}},"27":{"start":{"line":28,"column":0},"end":{"line":28,"column":82}},"28":{"start":{"line":29,"column":0},"end":{"line":29,"column":36}},"29":{"start":{"line":30,"column":0},"end":{"line":30,"column":53}},"32":{"start":{"line":33,"column":0},"end":{"line":33,"column":43}},"33":{"start":{"line":34,"column":0},"end":{"line":34,"column":28}},"34":{"start":{"line":35,"column":0},"end":{"line":35,"column":52}},"37":{"start":{"line":38,"column":0},"end":{"line":38,"column":20}},"38":{"start":{"line":39,"column":0},"end":{"line":39,"column":49}},"39":{"start":{"line":40,"column":0},"end":{"line":40,"column":4}},"42":{"start":{"line":43,"column":0},"end":{"line":43,"column":49}},"43":{"start":{"line":44,"column":0},"end":{"line":44,"column":36}},"45":{"start":{"line":46,"column":0},"end":{"line":46,"column":139}},"46":{"start":{"line":47,"column":0},"end":{"line":47,"column":14}},"48":{"start":{"line":49,"column":0},"end":{"line":49,"column":59}},"49":{"start":{"line":50,"column":0},"end":{"line":50,"column":144}},"51":{"start":{"line":52,"column":0},"end":{"line":52,"column":11}},"52":{"start":{"line":53,"column":0},"end":{"line":53,"column":15}},"54":{"start":{"line":55,"column":0},"end":{"line":55,"column":62}},"55":{"start":{"line":56,"column":0},"end":{"line":56,"column":37}},"56":{"start":{"line":57,"column":0},"end":{"line":57,"column":71}},"57":{"start":{"line":58,"column":0},"end":{"line":58,"column":148}},"58":{"start":{"line":59,"column":0},"end":{"line":59,"column":15}},"59":{"start":{"line":60,"column":0},"end":{"line":60,"column":16}},"60":{"start":{"line":61,"column":0},"end":{"line":61,"column":16}},"61":{"start":{"line":62,"column":0},"end":{"line":62,"column":12}},"63":{"start":{"line":64,"column":0},"end":{"line":64,"column":13}},"64":{"start":{"line":65,"column":0},"end":{"line":65,"column":65}},"65":{"start":{"line":66,"column":0},"end":{"line":66,"column":30}},"66":{"start":{"line":67,"column":0},"end":{"line":67,"column":7}},"68":{"start":{"line":69,"column":0},"end":{"line":69,"column":15}},"69":{"start":{"line":70,"column":0},"end":{"line":70,"column":75}},"70":{"start":{"line":71,"column":0},"end":{"line":71,"column":10}}},"s":{"0":1,"5":1,"6":10,"7":10,"8":10,"9":10,"12":10,"13":10,"14":10,"15":10,"16":10,"17":10,"18":10,"19":10,"21":10,"22":10,"23":10,"25":10,"26":10,"27":6,"28":6,"29":1,"32":5,"33":5,"34":2,"37":3,"38":6,"39":77,"42":8,"43":8,"45":8,"46":28,"48":8,"49":8,"51":8,"52":8,"54":8,"55":14,"56":14,"57":96,"58":57,"59":57,"60":57,"61":57,"63":77,"64":77,"65":77,"66":77,"68":77,"69":11,"70":80},"branchMap":{"0":{"type":"branch","line":6,"loc":{"start":{"line":6,"column":30},"end":{"line":71,"column":10}},"locations":[{"start":{"line":6,"column":30},"end":{"line":71,"column":10}}]},"1":{"type":"branch","line":9,"loc":{"start":{"line":9,"column":-1},"end":{"line":9,"column":77}},"locations":[{"start":{"line":9,"column":-1},"end":{"line":9,"column":77}}]},"2":{"type":"branch","line":9,"loc":{"start":{"line":9,"column":75},"end":{"line":9,"column":77}},"locations":[{"start":{"line":9,"column":75},"end":{"line":9,"column":77}}]},"3":{"type":"branch","line":11,"loc":{"start":{"line":11,"column":-1},"end":{"line":20,"column":13}},"locations":[{"start":{"line":11,"column":-1},"end":{"line":20,"column":13}}]},"4":{"type":"branch","line":20,"loc":{"start":{"line":20,"column":12},"end":{"line":20,"column":13}},"locations":[{"start":{"line":20,"column":12},"end":{"line":20,"column":13}}]},"5":{"type":"branch","line":20,"loc":{"start":{"line":20,"column":13},"end":{"line":24,"column":4}},"locations":[{"start":{"line":20,"column":13},"end":{"line":24,"column":4}}]},"6":{"type":"branch","line":24,"loc":{"start":{"line":24,"column":3},"end":{"line":24,"column":4}},"locations":[{"start":{"line":24,"column":3},"end":{"line":24,"column":4}}]},"7":{"type":"branch","line":25,"loc":{"start":{"line":25,"column":-1},"end":{"line":40,"column":4}},"locations":[{"start":{"line":25,"column":-1},"end":{"line":40,"column":4}}]},"8":{"type":"branch","line":40,"loc":{"start":{"line":40,"column":3},"end":{"line":40,"column":4}},"locations":[{"start":{"line":40,"column":3},"end":{"line":40,"column":4}}]},"9":{"type":"branch","line":41,"loc":{"start":{"line":41,"column":-1},"end":{"line":46,"column":139}},"locations":[{"start":{"line":41,"column":-1},"end":{"line":46,"column":139}}]},"10":{"type":"branch","line":46,"loc":{"start":{"line":46,"column":135},"end":{"line":46,"column":139}},"locations":[{"start":{"line":46,"column":135},"end":{"line":46,"column":139}}]},"11":{"type":"branch","line":46,"loc":{"start":{"line":46,"column":135},"end":{"line":47,"column":14}},"locations":[{"start":{"line":46,"column":135},"end":{"line":47,"column":14}}]},"12":{"type":"branch","line":48,"loc":{"start":{"line":48,"column":-1},"end":{"line":49,"column":59}},"locations":[{"start":{"line":48,"column":-1},"end":{"line":49,"column":59}}]},"13":{"type":"branch","line":50,"loc":{"start":{"line":50,"column":-1},"end":{"line":50,"column":144}},"locations":[{"start":{"line":50,"column":-1},"end":{"line":50,"column":144}}]},"14":{"type":"branch","line":50,"loc":{"start":{"line":50,"column":140},"end":{"line":50,"column":144}},"locations":[{"start":{"line":50,"column":140},"end":{"line":50,"column":144}}]},"15":{"type":"branch","line":50,"loc":{"start":{"line":50,"column":140},"end":{"line":50,"column":144}},"locations":[{"start":{"line":50,"column":140},"end":{"line":50,"column":144}}]},"16":{"type":"branch","line":51,"loc":{"start":{"line":51,"column":-1},"end":{"line":55,"column":62}},"locations":[{"start":{"line":51,"column":-1},"end":{"line":55,"column":62}}]},"17":{"type":"branch","line":56,"loc":{"start":{"line":56,"column":-1},"end":{"line":57,"column":71}},"locations":[{"start":{"line":56,"column":-1},"end":{"line":57,"column":71}}]},"18":{"type":"branch","line":57,"loc":{"start":{"line":57,"column":46},"end":{"line":57,"column":52}},"locations":[{"start":{"line":57,"column":46},"end":{"line":57,"column":52}}]},"19":{"type":"branch","line":57,"loc":{"start":{"line":57,"column":55},"end":{"line":57,"column":71}},"locations":[{"start":{"line":57,"column":55},"end":{"line":57,"column":71}}]},"20":{"type":"branch","line":57,"loc":{"start":{"line":57,"column":55},"end":{"line":57,"column":71}},"locations":[{"start":{"line":57,"column":55},"end":{"line":57,"column":71}}]},"21":{"type":"branch","line":57,"loc":{"start":{"line":57,"column":55},"end":{"line":62,"column":12}},"locations":[{"start":{"line":57,"column":55},"end":{"line":62,"column":12}}]},"22":{"type":"branch","line":63,"loc":{"start":{"line":63,"column":-1},"end":{"line":69,"column":15}},"locations":[{"start":{"line":63,"column":-1},"end":{"line":69,"column":15}}]},"23":{"type":"branch","line":70,"loc":{"start":{"line":70,"column":-1},"end":{"line":70,"column":75}},"locations":[{"start":{"line":70,"column":-1},"end":{"line":70,"column":75}}]},"24":{"type":"branch","line":70,"loc":{"start":{"line":70,"column":7},"end":{"line":70,"column":74}},"locations":[{"start":{"line":70,"column":7},"end":{"line":70,"column":74}}]},"25":{"type":"branch","line":70,"loc":{"start":{"line":70,"column":74},"end":{"line":70,"column":75}},"locations":[{"start":{"line":70,"column":74},"end":{"line":70,"column":75}}]},"26":{"type":"branch","line":70,"loc":{"start":{"line":70,"column":74},"end":{"line":70,"column":75}},"locations":[{"start":{"line":70,"column":74},"end":{"line":70,"column":75}}]},"27":{"type":"branch","line":70,"loc":{"start":{"line":70,"column":74},"end":{"line":70,"column":75}},"locations":[{"start":{"line":70,"column":74},"end":{"line":70,"column":75}}]},"28":{"type":"branch","line":70,"loc":{"start":{"line":70,"column":74},"end":{"line":70,"column":75}},"locations":[{"start":{"line":70,"column":74},"end":{"line":70,"column":75}}]},"29":{"type":"branch","line":70,"loc":{"start":{"line":70,"column":74},"end":{"line":70,"column":75}},"locations":[{"start":{"line":70,"column":74},"end":{"line":70,"column":75}}]},"30":{"type":"branch","line":70,"loc":{"start":{"line":70,"column":74},"end":{"line":71,"column":10}},"locations":[{"start":{"line":70,"column":74},"end":{"line":71,"column":10}}]},"31":{"type":"branch","line":13,"loc":{"start":{"line":13,"column":12},"end":{"line":19,"column":7}},"locations":[{"start":{"line":13,"column":12},"end":{"line":19,"column":7}}]},"32":{"type":"branch","line":14,"loc":{"start":{"line":14,"column":33},"end":{"line":14,"column":40}},"locations":[{"start":{"line":14,"column":33},"end":{"line":14,"column":40}}]},"33":{"type":"branch","line":15,"loc":{"start":{"line":15,"column":16},"end":{"line":18,"column":18}},"locations":[{"start":{"line":15,"column":16},"end":{"line":18,"column":18}}]},"34":{"type":"branch","line":17,"loc":{"start":{"line":17,"column":35},"end":{"line":17,"column":74}},"locations":[{"start":{"line":17,"column":35},"end":{"line":17,"column":74}}]},"35":{"type":"branch","line":22,"loc":{"start":{"line":22,"column":25},"end":{"line":23,"column":70}},"locations":[{"start":{"line":22,"column":25},"end":{"line":23,"column":70}}]},"36":{"type":"branch","line":23,"loc":{"start":{"line":23,"column":16},"end":{"line":23,"column":68}},"locations":[{"start":{"line":23,"column":16},"end":{"line":23,"column":68}}]},"37":{"type":"branch","line":23,"loc":{"start":{"line":23,"column":29},"end":{"line":23,"column":67}},"locations":[{"start":{"line":23,"column":29},"end":{"line":23,"column":67}}]},"38":{"type":"branch","line":23,"loc":{"start":{"line":23,"column":50},"end":{"line":23,"column":66}},"locations":[{"start":{"line":23,"column":50},"end":{"line":23,"column":66}}]},"39":{"type":"branch","line":23,"loc":{"start":{"line":23,"column":58},"end":{"line":23,"column":67}},"locations":[{"start":{"line":23,"column":58},"end":{"line":23,"column":67}}]},"40":{"type":"branch","line":26,"loc":{"start":{"line":26,"column":23},"end":{"line":39,"column":49}},"locations":[{"start":{"line":26,"column":23},"end":{"line":39,"column":49}}]},"41":{"type":"branch","line":27,"loc":{"start":{"line":27,"column":33},"end":{"line":27,"column":40}},"locations":[{"start":{"line":27,"column":33},"end":{"line":27,"column":40}}]},"42":{"type":"branch","line":29,"loc":{"start":{"line":29,"column":33},"end":{"line":30,"column":53}},"locations":[{"start":{"line":29,"column":33},"end":{"line":30,"column":53}}]},"43":{"type":"branch","line":30,"loc":{"start":{"line":30,"column":52},"end":{"line":39,"column":48}},"locations":[{"start":{"line":30,"column":52},"end":{"line":39,"column":48}}]},"44":{"type":"branch","line":34,"loc":{"start":{"line":34,"column":25},"end":{"line":35,"column":52}},"locations":[{"start":{"line":34,"column":25},"end":{"line":35,"column":52}}]},"45":{"type":"branch","line":35,"loc":{"start":{"line":35,"column":51},"end":{"line":39,"column":48}},"locations":[{"start":{"line":35,"column":51},"end":{"line":39,"column":48}}]},"46":{"type":"branch","line":46,"loc":{"start":{"line":46,"column":100},"end":{"line":46,"column":135}},"locations":[{"start":{"line":46,"column":100},"end":{"line":46,"column":135}}]},"47":{"type":"branch","line":50,"loc":{"start":{"line":50,"column":109},"end":{"line":50,"column":140}},"locations":[{"start":{"line":50,"column":109},"end":{"line":50,"column":140}}]},"48":{"type":"branch","line":57,"loc":{"start":{"line":57,"column":55},"end":{"line":58,"column":148}},"locations":[{"start":{"line":57,"column":55},"end":{"line":58,"column":148}}]},"49":{"type":"branch","line":58,"loc":{"start":{"line":58,"column":85},"end":{"line":58,"column":104}},"locations":[{"start":{"line":58,"column":85},"end":{"line":58,"column":104}}]},"50":{"type":"branch","line":58,"loc":{"start":{"line":58,"column":104},"end":{"line":58,"column":144}},"locations":[{"start":{"line":58,"column":104},"end":{"line":58,"column":144}}]},"51":{"type":"branch","line":6,"loc":{"start":{"line":6,"column":30},"end":{"line":28,"column":65}},"locations":[{"start":{"line":6,"column":30},"end":{"line":28,"column":65}}]}},"b":{"0":[83],"1":[8],"2":[75],"3":[1],"4":[69],"5":[8],"6":[75],"7":[1],"8":[6],"9":[1],"10":[75],"11":[28],"12":[1],"13":[8],"14":[75],"15":[14],"16":[1],"17":[14],"18":[5],"19":[69],"20":[32],"21":[57],"22":[1],"23":[11],"24":[3],"25":[72],"26":[69],"27":[26],"28":[6],"29":[3],"30":[80],"31":[14],"32":[5],"33":[14],"34":[3],"35":[29],"36":[29],"37":[58],"38":[29],"39":[29],"40":[6],"41":[1],"42":[1],"43":[5],"44":[2],"45":[3],"46":[20],"47":[6],"48":[96],"49":[3],"50":[29],"51":[10]},"fnMap":{"0":{"name":"AuctionCreator","decl":{"start":{"line":6,"column":30},"end":{"line":71,"column":10}},"loc":{"start":{"line":6,"column":30},"end":{"line":71,"column":10}},"line":6},"1":{"name":"t2","decl":{"start":{"line":13,"column":12},"end":{"line":19,"column":7}},"loc":{"start":{"line":13,"column":12},"end":{"line":19,"column":7}},"line":13},"2":{"name":"t4","decl":{"start":{"line":22,"column":25},"end":{"line":23,"column":70}},"loc":{"start":{"line":22,"column":25},"end":{"line":23,"column":70}},"line":22},"3":{"name":"t5","decl":{"start":{"line":26,"column":23},"end":{"line":39,"column":49}},"loc":{"start":{"line":26,"column":23},"end":{"line":39,"column":49}},"line":26},"4":{"name":"t6","decl":{"start":{"line":46,"column":100},"end":{"line":46,"column":135}},"loc":{"start":{"line":46,"column":100},"end":{"line":46,"column":135}},"line":46},"5":{"name":"t9","decl":{"start":{"line":50,"column":109},"end":{"line":50,"column":140}},"loc":{"start":{"line":50,"column":109},"end":{"line":50,"column":140}},"line":50},"6":{"name":"onChange","decl":{"start":{"line":58,"column":104},"end":{"line":58,"column":144}},"loc":{"start":{"line":58,"column":104},"end":{"line":58,"column":144}},"line":58},"7":{"name":"_temp","decl":{"start":{"line":6,"column":30},"end":{"line":28,"column":65}},"loc":{"start":{"line":6,"column":30},"end":{"line":28,"column":65}},"line":6}},"f":{"0":83,"1":14,"2":29,"3":6,"4":20,"5":6,"6":29,"7":10}}
,"/Users/eikoreisz/Documents/GitHub/CS392-RapidProto/room-sorting-app/src/components/AuctionView.tsx": {"path":"/Users/eikoreisz/Documents/GitHub/CS392-RapidProto/room-sorting-app/src/components/AuctionView.tsx","all":false,"statementMap":{"0":{"start":{"line":1,"column":0},"end":{"line":1,"column":53}},"1":{"start":{"line":2,"column":0},"end":{"line":2,"column":54}},"2":{"start":{"line":3,"column":0},"end":{"line":3,"column":49}},"4":{"start":{"line":5,"column":0},"end":{"line":5,"column":72}},"12":{"start":{"line":13,"column":0},"end":{"line":13,"column":105}},"13":{"start":{"line":14,"column":0},"end":{"line":14,"column":162}},"14":{"start":{"line":15,"column":0},"end":{"line":15,"column":91}},"15":{"start":{"line":16,"column":0},"end":{"line":16,"column":95}},"16":{"start":{"line":17,"column":0},"end":{"line":17,"column":73}},"17":{"start":{"line":18,"column":0},"end":{"line":18,"column":46}},"18":{"start":{"line":19,"column":0},"end":{"line":19,"column":58}},"21":{"start":{"line":22,"column":0},"end":{"line":22,"column":53}},"22":{"start":{"line":23,"column":0},"end":{"line":23,"column":58}},"23":{"start":{"line":24,"column":0},"end":{"line":24,"column":58}},"25":{"start":{"line":26,"column":0},"end":{"line":26,"column":102}},"26":{"start":{"line":27,"column":0},"end":{"line":27,"column":18}},"27":{"start":{"line":28,"column":0},"end":{"line":28,"column":56}},"28":{"start":{"line":29,"column":0},"end":{"line":29,"column":5}},"30":{"start":{"line":31,"column":0},"end":{"line":31,"column":59}},"31":{"start":{"line":32,"column":0},"end":{"line":32,"column":17}},"32":{"start":{"line":33,"column":0},"end":{"line":33,"column":53}},"33":{"start":{"line":34,"column":0},"end":{"line":34,"column":5}},"35":{"start":{"line":36,"column":0},"end":{"line":36,"column":92}},"36":{"start":{"line":37,"column":0},"end":{"line":37,"column":34}},"37":{"start":{"line":38,"column":0},"end":{"line":38,"column":62}},"38":{"start":{"line":39,"column":0},"end":{"line":39,"column":5}},"40":{"start":{"line":41,"column":0},"end":{"line":41,"column":53}},"41":{"start":{"line":42,"column":0},"end":{"line":42,"column":16}},"46":{"start":{"line":47,"column":0},"end":{"line":47,"column":19}},"47":{"start":{"line":48,"column":0},"end":{"line":48,"column":29}},"48":{"start":{"line":49,"column":0},"end":{"line":49,"column":77}},"49":{"start":{"line":50,"column":0},"end":{"line":50,"column":13}},"50":{"start":{"line":51,"column":0},"end":{"line":51,"column":5}},"51":{"start":{"line":52,"column":0},"end":{"line":52,"column":71}},"52":{"start":{"line":53,"column":0},"end":{"line":53,"column":59}},"53":{"start":{"line":54,"column":0},"end":{"line":54,"column":50}},"54":{"start":{"line":55,"column":0},"end":{"line":55,"column":7}},"56":{"start":{"line":57,"column":0},"end":{"line":57,"column":55}},"57":{"start":{"line":58,"column":0},"end":{"line":58,"column":26}},"60":{"start":{"line":61,"column":0},"end":{"line":61,"column":19}},"61":{"start":{"line":62,"column":0},"end":{"line":62,"column":26}},"62":{"start":{"line":63,"column":0},"end":{"line":63,"column":26}},"63":{"start":{"line":64,"column":0},"end":{"line":64,"column":65}},"64":{"start":{"line":65,"column":0},"end":{"line":65,"column":13}},"65":{"start":{"line":66,"column":0},"end":{"line":66,"column":5}},"66":{"start":{"line":67,"column":0},"end":{"line":67,"column":65}},"67":{"start":{"line":68,"column":0},"end":{"line":68,"column":56}},"68":{"start":{"line":69,"column":0},"end":{"line":69,"column":44}},"69":{"start":{"line":70,"column":0},"end":{"line":70,"column":7}},"71":{"start":{"line":72,"column":0},"end":{"line":72,"column":52}},"72":{"start":{"line":73,"column":0},"end":{"line":73,"column":26}},"77":{"start":{"line":78,"column":0},"end":{"line":78,"column":40}},"78":{"start":{"line":79,"column":0},"end":{"line":79,"column":52}},"79":{"start":{"line":80,"column":0},"end":{"line":80,"column":47}},"81":{"start":{"line":82,"column":0},"end":{"line":82,"column":26}},"82":{"start":{"line":83,"column":0},"end":{"line":83,"column":9}},"83":{"start":{"line":84,"column":0},"end":{"line":84,"column":70}},"84":{"start":{"line":85,"column":0},"end":{"line":85,"column":21}},"85":{"start":{"line":86,"column":0},"end":{"line":86,"column":58}},"86":{"start":{"line":87,"column":0},"end":{"line":87,"column":15}},"87":{"start":{"line":88,"column":0},"end":{"line":88,"column":29}},"88":{"start":{"line":89,"column":0},"end":{"line":89,"column":5}},"89":{"start":{"line":90,"column":0},"end":{"line":90,"column":4}},"91":{"start":{"line":92,"column":0},"end":{"line":92,"column":41}},"92":{"start":{"line":93,"column":0},"end":{"line":93,"column":73}},"93":{"start":{"line":94,"column":0},"end":{"line":94,"column":39}},"95":{"start":{"line":96,"column":0},"end":{"line":96,"column":16}},"96":{"start":{"line":97,"column":0},"end":{"line":97,"column":50}},"97":{"start":{"line":98,"column":0},"end":{"line":98,"column":13}},"98":{"start":{"line":99,"column":0},"end":{"line":99,"column":5}},"100":{"start":{"line":101,"column":0},"end":{"line":101,"column":24}},"101":{"start":{"line":102,"column":0},"end":{"line":102,"column":48}},"102":{"start":{"line":103,"column":0},"end":{"line":103,"column":13}},"103":{"start":{"line":104,"column":0},"end":{"line":104,"column":5}},"106":{"start":{"line":107,"column":0},"end":{"line":107,"column":30}},"107":{"start":{"line":108,"column":0},"end":{"line":108,"column":12}},"108":{"start":{"line":109,"column":0},"end":{"line":109,"column":83}},"109":{"start":{"line":110,"column":0},"end":{"line":110,"column":12}},"110":{"start":{"line":111,"column":0},"end":{"line":111,"column":12}},"111":{"start":{"line":112,"column":0},"end":{"line":112,"column":8}},"112":{"start":{"line":113,"column":0},"end":{"line":113,"column":13}},"113":{"start":{"line":114,"column":0},"end":{"line":114,"column":5}},"116":{"start":{"line":117,"column":0},"end":{"line":117,"column":39}},"117":{"start":{"line":118,"column":0},"end":{"line":118,"column":77}},"118":{"start":{"line":119,"column":0},"end":{"line":119,"column":13}},"119":{"start":{"line":120,"column":0},"end":{"line":120,"column":5}},"121":{"start":{"line":122,"column":0},"end":{"line":122,"column":56}},"122":{"start":{"line":123,"column":0},"end":{"line":123,"column":4}},"124":{"start":{"line":125,"column":0},"end":{"line":125,"column":31}},"125":{"start":{"line":126,"column":0},"end":{"line":126,"column":56}},"126":{"start":{"line":127,"column":0},"end":{"line":127,"column":20}},"127":{"start":{"line":128,"column":0},"end":{"line":128,"column":45}},"128":{"start":{"line":129,"column":0},"end":{"line":129,"column":4}},"130":{"start":{"line":131,"column":0},"end":{"line":131,"column":72}},"132":{"start":{"line":133,"column":0},"end":{"line":133,"column":10}},"133":{"start":{"line":134,"column":0},"end":{"line":134,"column":49}},"134":{"start":{"line":135,"column":0},"end":{"line":135,"column":75}},"136":{"start":{"line":137,"column":0},"end":{"line":137,"column":31}},"137":{"start":{"line":138,"column":0},"end":{"line":138,"column":30}},"138":{"start":{"line":139,"column":0},"end":{"line":139,"column":65}},"139":{"start":{"line":140,"column":0},"end":{"line":140,"column":58}},"140":{"start":{"line":141,"column":0},"end":{"line":141,"column":61}},"141":{"start":{"line":142,"column":0},"end":{"line":142,"column":67}},"142":{"start":{"line":143,"column":0},"end":{"line":143,"column":90}},"143":{"start":{"line":144,"column":0},"end":{"line":144,"column":161}},"144":{"start":{"line":145,"column":0},"end":{"line":145,"column":130}},"145":{"start":{"line":146,"column":0},"end":{"line":146,"column":20}},"146":{"start":{"line":147,"column":0},"end":{"line":147,"column":15}},"147":{"start":{"line":148,"column":0},"end":{"line":148,"column":16}},"148":{"start":{"line":149,"column":0},"end":{"line":149,"column":14}},"151":{"start":{"line":152,"column":0},"end":{"line":152,"column":31}},"152":{"start":{"line":153,"column":0},"end":{"line":153,"column":37}},"153":{"start":{"line":154,"column":0},"end":{"line":154,"column":85}},"154":{"start":{"line":155,"column":0},"end":{"line":155,"column":45}},"155":{"start":{"line":156,"column":0},"end":{"line":156,"column":112}},"156":{"start":{"line":157,"column":0},"end":{"line":157,"column":14}},"157":{"start":{"line":158,"column":0},"end":{"line":158,"column":32}},"158":{"start":{"line":159,"column":0},"end":{"line":159,"column":63}},"159":{"start":{"line":160,"column":0},"end":{"line":160,"column":38}},"160":{"start":{"line":161,"column":0},"end":{"line":161,"column":89}},"161":{"start":{"line":162,"column":0},"end":{"line":162,"column":17}},"162":{"start":{"line":163,"column":0},"end":{"line":163,"column":16}},"163":{"start":{"line":164,"column":0},"end":{"line":164,"column":15}},"164":{"start":{"line":165,"column":0},"end":{"line":165,"column":93}},"165":{"start":{"line":166,"column":0},"end":{"line":166,"column":53}},"166":{"start":{"line":167,"column":0},"end":{"line":167,"column":112}},"167":{"start":{"line":168,"column":0},"end":{"line":168,"column":104}},"168":{"start":{"line":169,"column":0},"end":{"line":169,"column":45}},"169":{"start":{"line":170,"column":0},"end":{"line":170,"column":23}},"170":{"start":{"line":171,"column":0},"end":{"line":171,"column":18}},"171":{"start":{"line":172,"column":0},"end":{"line":172,"column":16}},"172":{"start":{"line":173,"column":0},"end":{"line":173,"column":14}},"175":{"start":{"line":176,"column":0},"end":{"line":176,"column":30}},"176":{"start":{"line":177,"column":0},"end":{"line":177,"column":13}},"177":{"start":{"line":178,"column":0},"end":{"line":178,"column":76}},"178":{"start":{"line":179,"column":0},"end":{"line":179,"column":37}},"179":{"start":{"line":180,"column":0},"end":{"line":180,"column":61}},"181":{"start":{"line":182,"column":0},"end":{"line":182,"column":40}},"182":{"start":{"line":183,"column":0},"end":{"line":183,"column":72}},"183":{"start":{"line":184,"column":0},"end":{"line":184,"column":24}},"184":{"start":{"line":185,"column":0},"end":{"line":185,"column":98}},"185":{"start":{"line":186,"column":0},"end":{"line":186,"column":98}},"186":{"start":{"line":187,"column":0},"end":{"line":187,"column":64}},"187":{"start":{"line":188,"column":0},"end":{"line":188,"column":63}},"188":{"start":{"line":189,"column":0},"end":{"line":189,"column":26}},"189":{"start":{"line":190,"column":0},"end":{"line":190,"column":24}},"191":{"start":{"line":192,"column":0},"end":{"line":192,"column":15}},"194":{"start":{"line":195,"column":0},"end":{"line":195,"column":71}},"195":{"start":{"line":196,"column":0},"end":{"line":196,"column":117}},"197":{"start":{"line":198,"column":0},"end":{"line":198,"column":22}},"198":{"start":{"line":199,"column":0},"end":{"line":199,"column":134}},"199":{"start":{"line":200,"column":0},"end":{"line":200,"column":96}},"200":{"start":{"line":201,"column":0},"end":{"line":201,"column":48}},"201":{"start":{"line":202,"column":0},"end":{"line":202,"column":27}},"202":{"start":{"line":203,"column":0},"end":{"line":203,"column":52}},"203":{"start":{"line":204,"column":0},"end":{"line":204,"column":55}},"204":{"start":{"line":205,"column":0},"end":{"line":205,"column":111}},"205":{"start":{"line":206,"column":0},"end":{"line":206,"column":61}},"207":{"start":{"line":208,"column":0},"end":{"line":208,"column":60}},"208":{"start":{"line":209,"column":0},"end":{"line":209,"column":68}},"209":{"start":{"line":210,"column":0},"end":{"line":210,"column":99}},"210":{"start":{"line":211,"column":0},"end":{"line":211,"column":52}},"211":{"start":{"line":212,"column":0},"end":{"line":212,"column":95}},"212":{"start":{"line":213,"column":0},"end":{"line":213,"column":65}},"213":{"start":{"line":214,"column":0},"end":{"line":214,"column":32}},"214":{"start":{"line":215,"column":0},"end":{"line":215,"column":80}},"216":{"start":{"line":217,"column":0},"end":{"line":217,"column":25}},"217":{"start":{"line":218,"column":0},"end":{"line":218,"column":29}},"219":{"start":{"line":220,"column":0},"end":{"line":220,"column":52}},"220":{"start":{"line":221,"column":0},"end":{"line":221,"column":116}},"221":{"start":{"line":222,"column":0},"end":{"line":222,"column":26}},"223":{"start":{"line":224,"column":0},"end":{"line":224,"column":22}},"225":{"start":{"line":226,"column":0},"end":{"line":226,"column":15}},"226":{"start":{"line":227,"column":0},"end":{"line":227,"column":16}},"227":{"start":{"line":228,"column":0},"end":{"line":228,"column":61}},"228":{"start":{"line":229,"column":0},"end":{"line":229,"column":34}},"229":{"start":{"line":230,"column":0},"end":{"line":230,"column":21}},"230":{"start":{"line":231,"column":0},"end":{"line":231,"column":91}},"231":{"start":{"line":232,"column":0},"end":{"line":232,"column":42}},"232":{"start":{"line":233,"column":0},"end":{"line":233,"column":55}},"234":{"start":{"line":235,"column":0},"end":{"line":235,"column":98}},"235":{"start":{"line":236,"column":0},"end":{"line":236,"column":23}},"236":{"start":{"line":237,"column":0},"end":{"line":237,"column":18}},"238":{"start":{"line":239,"column":0},"end":{"line":239,"column":14}},"241":{"start":{"line":242,"column":0},"end":{"line":242,"column":27}},"242":{"start":{"line":243,"column":0},"end":{"line":243,"column":13}},"243":{"start":{"line":244,"column":0},"end":{"line":244,"column":63}},"244":{"start":{"line":245,"column":0},"end":{"line":245,"column":41}},"245":{"start":{"line":246,"column":0},"end":{"line":246,"column":116}},"247":{"start":{"line":248,"column":0},"end":{"line":248,"column":20}},"248":{"start":{"line":249,"column":0},"end":{"line":249,"column":69}},"249":{"start":{"line":250,"column":0},"end":{"line":250,"column":68}},"250":{"start":{"line":251,"column":0},"end":{"line":251,"column":48}},"251":{"start":{"line":252,"column":0},"end":{"line":252,"column":48}},"252":{"start":{"line":253,"column":0},"end":{"line":253,"column":86}},"254":{"start":{"line":255,"column":0},"end":{"line":255,"column":28}},"255":{"start":{"line":256,"column":0},"end":{"line":256,"column":139}},"256":{"start":{"line":257,"column":0},"end":{"line":257,"column":101}},"257":{"start":{"line":258,"column":0},"end":{"line":258,"column":53}},"258":{"start":{"line":259,"column":0},"end":{"line":259,"column":28}},"259":{"start":{"line":260,"column":0},"end":{"line":260,"column":34}},"260":{"start":{"line":261,"column":0},"end":{"line":261,"column":60}},"261":{"start":{"line":262,"column":0},"end":{"line":262,"column":43}},"262":{"start":{"line":263,"column":0},"end":{"line":263,"column":38}},"263":{"start":{"line":264,"column":0},"end":{"line":264,"column":78}},"264":{"start":{"line":265,"column":0},"end":{"line":265,"column":126}},"265":{"start":{"line":266,"column":0},"end":{"line":266,"column":51}},"267":{"start":{"line":268,"column":0},"end":{"line":268,"column":35}},"268":{"start":{"line":269,"column":0},"end":{"line":269,"column":104}},"269":{"start":{"line":270,"column":0},"end":{"line":270,"column":64}},"270":{"start":{"line":271,"column":0},"end":{"line":271,"column":51}},"272":{"start":{"line":273,"column":0},"end":{"line":273,"column":71}},"273":{"start":{"line":274,"column":0},"end":{"line":274,"column":37}},"274":{"start":{"line":275,"column":0},"end":{"line":275,"column":29}},"276":{"start":{"line":277,"column":0},"end":{"line":277,"column":56}},"277":{"start":{"line":278,"column":0},"end":{"line":278,"column":83}},"278":{"start":{"line":279,"column":0},"end":{"line":279,"column":30}},"280":{"start":{"line":281,"column":0},"end":{"line":281,"column":27}},"282":{"start":{"line":283,"column":0},"end":{"line":283,"column":21}},"283":{"start":{"line":284,"column":0},"end":{"line":284,"column":22}},"284":{"start":{"line":285,"column":0},"end":{"line":285,"column":20}},"286":{"start":{"line":287,"column":0},"end":{"line":287,"column":13}},"287":{"start":{"line":288,"column":0},"end":{"line":288,"column":14}},"290":{"start":{"line":291,"column":0},"end":{"line":291,"column":28}},"291":{"start":{"line":292,"column":0},"end":{"line":292,"column":13}},"292":{"start":{"line":293,"column":0},"end":{"line":293,"column":66}},"293":{"start":{"line":294,"column":0},"end":{"line":294,"column":14}},"294":{"start":{"line":295,"column":0},"end":{"line":295,"column":58}},"295":{"start":{"line":296,"column":0},"end":{"line":296,"column":194}},"296":{"start":{"line":297,"column":0},"end":{"line":297,"column":15}},"297":{"start":{"line":298,"column":0},"end":{"line":298,"column":15}},"298":{"start":{"line":299,"column":0},"end":{"line":299,"column":14}},"300":{"start":{"line":301,"column":0},"end":{"line":301,"column":10}},"302":{"start":{"line":303,"column":0},"end":{"line":303,"column":2}}},"s":{"0":1,"1":1,"2":1,"4":1,"12":1,"13":20,"14":20,"15":20,"16":20,"17":20,"18":20,"21":20,"22":8,"23":8,"25":8,"26":8,"27":5,"28":5,"30":3,"31":7,"32":0,"33":0,"35":3,"36":7,"37":0,"38":0,"40":3,"41":20,"46":20,"47":8,"48":5,"49":5,"50":5,"51":3,"52":3,"53":0,"54":3,"56":3,"57":20,"60":20,"61":8,"62":8,"63":8,"64":8,"65":8,"66":0,"67":0,"68":0,"69":0,"71":0,"72":20,"77":20,"78":1,"79":1,"81":1,"82":1,"83":1,"84":1,"85":0,"86":1,"87":1,"88":1,"89":1,"91":20,"92":0,"93":0,"95":0,"96":0,"97":0,"98":0,"100":0,"101":0,"102":0,"103":0,"106":0,"107":0,"108":0,"109":0,"110":0,"111":0,"112":0,"113":0,"116":0,"117":0,"118":0,"119":0,"121":0,"122":0,"124":20,"125":1,"126":1,"127":1,"128":1,"130":20,"132":20,"133":20,"134":20,"136":20,"137":9,"138":9,"139":9,"140":16,"141":16,"142":16,"143":16,"144":16,"145":16,"146":9,"147":9,"148":9,"151":20,"152":11,"153":11,"154":11,"155":11,"156":11,"157":11,"158":11,"159":11,"160":11,"161":11,"162":11,"163":11,"164":11,"165":11,"166":11,"167":11,"168":11,"169":11,"170":11,"171":11,"172":11,"175":20,"176":9,"177":9,"178":9,"179":9,"181":20,"182":5,"183":5,"184":5,"185":5,"186":5,"187":5,"188":5,"189":5,"191":5,"194":15,"195":20,"197":20,"198":20,"199":20,"200":20,"201":7,"202":7,"203":7,"204":7,"205":7,"207":7,"208":7,"209":10,"210":10,"211":5,"212":5,"213":10,"214":10,"216":7,"217":7,"219":8,"220":8,"221":8,"223":20,"225":9,"226":9,"227":9,"228":9,"229":9,"230":9,"231":9,"232":9,"234":9,"235":9,"236":9,"238":9,"241":20,"242":0,"243":0,"244":0,"245":0,"247":0,"248":0,"249":0,"250":0,"251":0,"252":0,"254":0,"255":0,"256":0,"257":0,"258":0,"259":0,"260":0,"261":0,"262":0,"263":0,"264":0,"265":0,"267":0,"268":0,"269":0,"270":0,"272":0,"273":0,"274":0,"276":0,"277":0,"278":0,"280":0,"282":0,"283":0,"284":0,"286":0,"287":0,"290":20,"291":0,"292":0,"293":0,"294":0,"295":0,"296":0,"297":0,"298":0,"300":20,"302":20},"branchMap":{"0":{"type":"branch","line":13,"loc":{"start":{"line":13,"column":27},"end":{"line":303,"column":2}},"locations":[{"start":{"line":13,"column":27},"end":{"line":303,"column":2}}]},"1":{"type":"branch","line":137,"loc":{"start":{"line":137,"column":17},"end":{"line":149,"column":14}},"locations":[{"start":{"line":137,"column":17},"end":{"line":149,"column":14}}]},"2":{"type":"branch","line":140,"loc":{"start":{"line":140,"column":35},"end":{"line":140,"column":46}},"locations":[{"start":{"line":140,"column":35},"end":{"line":140,"column":46}}]},"3":{"type":"branch","line":152,"loc":{"start":{"line":152,"column":17},"end":{"line":173,"column":14}},"locations":[{"start":{"line":152,"column":17},"end":{"line":173,"column":14}}]},"4":{"type":"branch","line":156,"loc":{"start":{"line":156,"column":33},"end":{"line":156,"column":44}},"locations":[{"start":{"line":156,"column":33},"end":{"line":156,"column":44}}]},"5":{"type":"branch","line":156,"loc":{"start":{"line":156,"column":78},"end":{"line":156,"column":89}},"locations":[{"start":{"line":156,"column":78},"end":{"line":156,"column":89}}]},"6":{"type":"branch","line":161,"loc":{"start":{"line":161,"column":37},"end":{"line":161,"column":48}},"locations":[{"start":{"line":161,"column":37},"end":{"line":161,"column":48}}]},"7":{"type":"branch","line":169,"loc":{"start":{"line":169,"column":17},"end":{"line":169,"column":38}},"locations":[{"start":{"line":169,"column":17},"end":{"line":169,"column":38}}]},"8":{"type":"branch","line":169,"loc":{"start":{"line":169,"column":26},"end":{"line":169,"column":45}},"locations":[{"start":{"line":169,"column":26},"end":{"line":169,"column":45}}]},"9":{"type":"branch","line":176,"loc":{"start":{"line":176,"column":17},"end":{"line":239,"column":14}},"locations":[{"start":{"line":176,"column":17},"end":{"line":239,"column":14}}]},"10":{"type":"branch","line":180,"loc":{"start":{"line":180,"column":35},"end":{"line":180,"column":46}},"locations":[{"start":{"line":180,"column":35},"end":{"line":180,"column":46}}]},"11":{"type":"branch","line":228,"loc":{"start":{"line":228,"column":39},"end":{"line":228,"column":61}},"locations":[{"start":{"line":228,"column":39},"end":{"line":228,"column":61}}]},"12":{"type":"branch","line":233,"loc":{"start":{"line":233,"column":26},"end":{"line":233,"column":55}},"locations":[{"start":{"line":233,"column":26},"end":{"line":233,"column":55}}]},"13":{"type":"branch","line":235,"loc":{"start":{"line":235,"column":17},"end":{"line":235,"column":50}},"locations":[{"start":{"line":235,"column":17},"end":{"line":235,"column":50}}]},"14":{"type":"branch","line":235,"loc":{"start":{"line":235,"column":32},"end":{"line":235,"column":98}},"locations":[{"start":{"line":235,"column":32},"end":{"line":235,"column":98}}]},"15":{"type":"branch","line":235,"loc":{"start":{"line":235,"column":50},"end":{"line":235,"column":79}},"locations":[{"start":{"line":235,"column":50},"end":{"line":235,"column":79}}]},"16":{"type":"branch","line":242,"loc":{"start":{"line":242,"column":17},"end":{"line":288,"column":14}},"locations":[{"start":{"line":242,"column":17},"end":{"line":288,"column":14}}]},"17":{"type":"branch","line":291,"loc":{"start":{"line":291,"column":17},"end":{"line":299,"column":14}},"locations":[{"start":{"line":291,"column":17},"end":{"line":299,"column":14}}]},"18":{"type":"branch","line":14,"loc":{"start":{"line":14,"column":78},"end":{"line":14,"column":160}},"locations":[{"start":{"line":14,"column":78},"end":{"line":14,"column":160}}]},"19":{"type":"branch","line":14,"loc":{"start":{"line":14,"column":123},"end":{"line":14,"column":134}},"locations":[{"start":{"line":14,"column":123},"end":{"line":14,"column":134}}]},"20":{"type":"branch","line":14,"loc":{"start":{"line":14,"column":140},"end":{"line":14,"column":158}},"locations":[{"start":{"line":14,"column":140},"end":{"line":14,"column":158}}]},"21":{"type":"branch","line":22,"loc":{"start":{"line":22,"column":46},"end":{"line":42,"column":5}},"locations":[{"start":{"line":22,"column":46},"end":{"line":42,"column":5}}]},"22":{"type":"branch","line":23,"loc":{"start":{"line":23,"column":45},"end":{"line":23,"column":56}},"locations":[{"start":{"line":23,"column":45},"end":{"line":23,"column":56}}]},"23":{"type":"branch","line":24,"loc":{"start":{"line":24,"column":45},"end":{"line":24,"column":56}},"locations":[{"start":{"line":24,"column":45},"end":{"line":24,"column":56}}]},"24":{"type":"branch","line":26,"loc":{"start":{"line":26,"column":39},"end":{"line":26,"column":50}},"locations":[{"start":{"line":26,"column":39},"end":{"line":26,"column":50}}]},"25":{"type":"branch","line":26,"loc":{"start":{"line":26,"column":82},"end":{"line":26,"column":93}},"locations":[{"start":{"line":26,"column":82},"end":{"line":26,"column":93}}]},"26":{"type":"branch","line":27,"loc":{"start":{"line":27,"column":17},"end":{"line":41,"column":53}},"locations":[{"start":{"line":27,"column":17},"end":{"line":41,"column":53}}]},"27":{"type":"branch","line":27,"loc":{"start":{"line":27,"column":17},"end":{"line":29,"column":5}},"locations":[{"start":{"line":27,"column":17},"end":{"line":29,"column":5}}]},"28":{"type":"branch","line":29,"loc":{"start":{"line":29,"column":4},"end":{"line":32,"column":16}},"locations":[{"start":{"line":29,"column":4},"end":{"line":32,"column":16}}]},"29":{"type":"branch","line":32,"loc":{"start":{"line":32,"column":16},"end":{"line":34,"column":5}},"locations":[{"start":{"line":32,"column":16},"end":{"line":34,"column":5}}]},"30":{"type":"branch","line":34,"loc":{"start":{"line":34,"column":4},"end":{"line":37,"column":33}},"locations":[{"start":{"line":34,"column":4},"end":{"line":37,"column":33}}]},"31":{"type":"branch","line":37,"loc":{"start":{"line":37,"column":33},"end":{"line":39,"column":5}},"locations":[{"start":{"line":37,"column":33},"end":{"line":39,"column":5}}]},"32":{"type":"branch","line":39,"loc":{"start":{"line":39,"column":4},"end":{"line":41,"column":53}},"locations":[{"start":{"line":39,"column":4},"end":{"line":41,"column":53}}]},"33":{"type":"branch","line":31,"loc":{"start":{"line":31,"column":36},"end":{"line":31,"column":57}},"locations":[{"start":{"line":31,"column":36},"end":{"line":31,"column":57}}]},"34":{"type":"branch","line":36,"loc":{"start":{"line":36,"column":43},"end":{"line":36,"column":90}},"locations":[{"start":{"line":36,"column":43},"end":{"line":36,"column":90}}]},"35":{"type":"branch","line":47,"loc":{"start":{"line":47,"column":12},"end":{"line":58,"column":5}},"locations":[{"start":{"line":47,"column":12},"end":{"line":58,"column":5}}]},"36":{"type":"branch","line":48,"loc":{"start":{"line":48,"column":28},"end":{"line":51,"column":5}},"locations":[{"start":{"line":48,"column":28},"end":{"line":51,"column":5}}]},"37":{"type":"branch","line":51,"loc":{"start":{"line":51,"column":4},"end":{"line":57,"column":55}},"locations":[{"start":{"line":51,"column":4},"end":{"line":57,"column":55}}]},"38":{"type":"branch","line":57,"loc":{"start":{"line":57,"column":11},"end":{"line":57,"column":55}},"locations":[{"start":{"line":57,"column":11},"end":{"line":57,"column":55}}]},"39":{"type":"branch","line":61,"loc":{"start":{"line":61,"column":12},"end":{"line":73,"column":5}},"locations":[{"start":{"line":61,"column":12},"end":{"line":73,"column":5}}]},"40":{"type":"branch","line":66,"loc":{"start":{"line":66,"column":4},"end":{"line":72,"column":52}},"locations":[{"start":{"line":66,"column":4},"end":{"line":72,"column":52}}]},"41":{"type":"branch","line":78,"loc":{"start":{"line":78,"column":27},"end":{"line":90,"column":4}},"locations":[{"start":{"line":78,"column":27},"end":{"line":90,"column":4}}]},"42":{"type":"branch","line":80,"loc":{"start":{"line":80,"column":40},"end":{"line":80,"column":47}},"locations":[{"start":{"line":80,"column":40},"end":{"line":80,"column":47}}]},"43":{"type":"branch","line":85,"loc":{"start":{"line":85,"column":4},"end":{"line":87,"column":5}},"locations":[{"start":{"line":85,"column":4},"end":{"line":87,"column":5}}]},"44":{"type":"branch","line":125,"loc":{"start":{"line":125,"column":24},"end":{"line":129,"column":4}},"locations":[{"start":{"line":125,"column":24},"end":{"line":129,"column":4}}]},"45":{"type":"branch","line":140,"loc":{"start":{"line":140,"column":52},"end":{"line":146,"column":20}},"locations":[{"start":{"line":140,"column":52},"end":{"line":146,"column":20}}]},"46":{"type":"branch","line":144,"loc":{"start":{"line":144,"column":69},"end":{"line":144,"column":148}},"locations":[{"start":{"line":144,"column":69},"end":{"line":144,"column":148}}]},"47":{"type":"branch","line":144,"loc":{"start":{"line":144,"column":120},"end":{"line":144,"column":148}},"locations":[{"start":{"line":144,"column":120},"end":{"line":144,"column":148}}]},"48":{"type":"branch","line":144,"loc":{"start":{"line":144,"column":130},"end":{"line":144,"column":155}},"locations":[{"start":{"line":144,"column":130},"end":{"line":144,"column":155}}]},"49":{"type":"branch","line":145,"loc":{"start":{"line":145,"column":50},"end":{"line":145,"column":130}},"locations":[{"start":{"line":145,"column":50},"end":{"line":145,"column":130}}]},"50":{"type":"branch","line":161,"loc":{"start":{"line":161,"column":54},"end":{"line":161,"column":87}},"locations":[{"start":{"line":161,"column":54},"end":{"line":161,"column":87}}]},"51":{"type":"branch","line":180,"loc":{"start":{"line":180,"column":52},"end":{"line":226,"column":13}},"locations":[{"start":{"line":180,"column":52},"end":{"line":226,"column":13}}]},"52":{"type":"branch","line":182,"loc":{"start":{"line":182,"column":39},"end":{"line":192,"column":15}},"locations":[{"start":{"line":182,"column":39},"end":{"line":192,"column":15}}]},"53":{"type":"branch","line":186,"loc":{"start":{"line":186,"column":67},"end":{"line":186,"column":92}},"locations":[{"start":{"line":186,"column":67},"end":{"line":186,"column":92}}]},"54":{"type":"branch","line":188,"loc":{"start":{"line":188,"column":49},"end":{"line":188,"column":63}},"locations":[{"start":{"line":188,"column":49},"end":{"line":188,"column":63}}]},"55":{"type":"branch","line":192,"loc":{"start":{"line":192,"column":14},"end":{"line":196,"column":68}},"locations":[{"start":{"line":192,"column":14},"end":{"line":196,"column":68}}]},"56":{"type":"branch","line":196,"loc":{"start":{"line":196,"column":45},"end":{"line":196,"column":112}},"locations":[{"start":{"line":196,"column":45},"end":{"line":196,"column":112}}]},"57":{"type":"branch","line":196,"loc":{"start":{"line":196,"column":105},"end":{"line":196,"column":117}},"locations":[{"start":{"line":196,"column":105},"end":{"line":196,"column":117}}]},"58":{"type":"branch","line":199,"loc":{"start":{"line":199,"column":97},"end":{"line":199,"column":128}},"locations":[{"start":{"line":199,"column":97},"end":{"line":199,"column":128}}]},"59":{"type":"branch","line":199,"loc":{"start":{"line":199,"column":113},"end":{"line":199,"column":130}},"locations":[{"start":{"line":199,"column":113},"end":{"line":199,"column":130}}]},"60":{"type":"branch","line":200,"loc":{"start":{"line":200,"column":65},"end":{"line":200,"column":90}},"locations":[{"start":{"line":200,"column":65},"end":{"line":200,"column":90}}]},"61":{"type":"branch","line":201,"loc":{"start":{"line":201,"column":31},"end":{"line":218,"column":29}},"locations":[{"start":{"line":201,"column":31},"end":{"line":218,"column":29}}]},"62":{"type":"branch","line":204,"loc":{"start":{"line":204,"column":47},"end":{"line":204,"column":55}},"locations":[{"start":{"line":204,"column":47},"end":{"line":204,"column":55}}]},"63":{"type":"branch","line":206,"loc":{"start":{"line":206,"column":32},"end":{"line":206,"column":61}},"locations":[{"start":{"line":206,"column":32},"end":{"line":206,"column":61}}]},"64":{"type":"branch","line":209,"loc":{"start":{"line":209,"column":45},"end":{"line":209,"column":56}},"locations":[{"start":{"line":209,"column":45},"end":{"line":209,"column":56}}]},"65":{"type":"branch","line":218,"loc":{"start":{"line":218,"column":20},"end":{"line":222,"column":26}},"locations":[{"start":{"line":218,"column":20},"end":{"line":222,"column":26}}]},"66":{"type":"branch","line":221,"loc":{"start":{"line":221,"column":23},"end":{"line":221,"column":84}},"locations":[{"start":{"line":221,"column":23},"end":{"line":221,"column":84}}]},"67":{"type":"branch","line":205,"loc":{"start":{"line":205,"column":33},"end":{"line":205,"column":111}},"locations":[{"start":{"line":205,"column":33},"end":{"line":205,"column":111}}]},"68":{"type":"branch","line":205,"loc":{"start":{"line":205,"column":53},"end":{"line":205,"column":109}},"locations":[{"start":{"line":205,"column":53},"end":{"line":205,"column":109}}]},"69":{"type":"branch","line":205,"loc":{"start":{"line":205,"column":93},"end":{"line":205,"column":107}},"locations":[{"start":{"line":205,"column":93},"end":{"line":205,"column":107}}]},"70":{"type":"branch","line":209,"loc":{"start":{"line":209,"column":62},"end":{"line":217,"column":23}},"locations":[{"start":{"line":209,"column":62},"end":{"line":217,"column":23}}]},"71":{"type":"branch","line":210,"loc":{"start":{"line":210,"column":43},"end":{"line":210,"column":94}},"locations":[{"start":{"line":210,"column":43},"end":{"line":210,"column":94}}]},"72":{"type":"branch","line":210,"loc":{"start":{"line":210,"column":90},"end":{"line":210,"column":99}},"locations":[{"start":{"line":210,"column":90},"end":{"line":210,"column":99}}]},"73":{"type":"branch","line":211,"loc":{"start":{"line":211,"column":44},"end":{"line":212,"column":95}},"locations":[{"start":{"line":211,"column":44},"end":{"line":212,"column":95}}]},"74":{"type":"branch","line":212,"loc":{"start":{"line":212,"column":93},"end":{"line":213,"column":65}},"locations":[{"start":{"line":212,"column":93},"end":{"line":213,"column":65}}]}},"b":{"0":[20],"1":[9],"2":[0],"3":[11],"4":[0],"5":[0],"6":[0],"7":[1],"8":[10],"9":[9],"10":[0],"11":[7],"12":[8],"13":[1],"14":[8],"15":[0],"16":[0],"17":[0],"18":[8],"19":[0],"20":[14],"21":[8],"22":[0],"23":[0],"24":[0],"25":[0],"26":[7],"27":[5],"28":[3],"29":[0],"30":[3],"31":[0],"32":[3],"33":[4],"34":[5],"35":[8],"36":[5],"37":[3],"38":[3],"39":[8],"40":[0],"41":[1],"42":[0],"43":[0],"44":[1],"45":[16],"46":[5],"47":[0],"48":[11],"49":[0],"50":[15],"51":[20],"52":[5],"53":[0],"54":[0],"55":[15],"56":[0],"57":[15],"58":[7],"59":[8],"60":[7],"61":[7],"62":[4],"63":[6],"64":[0],"65":[8],"66":[0],"67":[1],"68":[1],"69":[0],"70":[10],"71":[5],"72":[5],"73":[5],"74":[5]},"fnMap":{"0":{"name":"AuctionView","decl":{"start":{"line":13,"column":27},"end":{"line":303,"column":2}},"loc":{"start":{"line":13,"column":27},"end":{"line":303,"column":2}},"line":13},"1":{"name":"handleSelections","decl":{"start":{"line":78,"column":27},"end":{"line":90,"column":4}},"loc":{"start":{"line":78,"column":27},"end":{"line":90,"column":4}},"line":78},"2":{"name":"handleBid","decl":{"start":{"line":92,"column":20},"end":{"line":123,"column":4}},"loc":{"start":{"line":92,"column":20},"end":{"line":123,"column":4}},"line":92},"3":{"name":"handleCopyUrl","decl":{"start":{"line":125,"column":24},"end":{"line":129,"column":4}},"loc":{"start":{"line":125,"column":24},"end":{"line":129,"column":4}},"line":125},"4":{"name":"onChange","decl":{"start":{"line":205,"column":33},"end":{"line":205,"column":111}},"loc":{"start":{"line":205,"column":33},"end":{"line":205,"column":111}},"line":205}},"f":{"0":20,"1":1,"2":0,"3":1,"4":1}}
,"/Users/eikoreisz/Documents/GitHub/CS392-RapidProto/room-sorting-app/src/types/index.ts": {"path":"/Users/eikoreisz/Documents/GitHub/CS392-RapidProto/room-sorting-app/src/types/index.ts","all":true,"statementMap":{},"s":{},"branchMap":{"0":{"type":"branch","line":1,"loc":{"start":{"line":1,"column":568},"end":{"line":30,"column":2}},"locations":[{"start":{"line":1,"column":568},"end":{"line":30,"column":2}}]}},"b":{"0":[1]},"fnMap":{"0":{"name":"(empty-report)","decl":{"start":{"line":1,"column":568},"end":{"line":30,"column":2}},"loc":{"start":{"line":1,"column":568},"end":{"line":30,"column":2}},"line":1}},"f":{"0":1}}
,"/Users/eikoreisz/Documents/GitHub/CS392-RapidProto/room-sorting-app/src/utilities/auction-client.ts": {"path":"/Users/eikoreisz/Documents/GitHub/CS392-RapidProto/room-sorting-app/src/utilities/auction-client.ts","all":false,"statementMap":{"0":{"start":{"line":1,"column":0},"end":{"line":1,"column":65}},"1":{"start":{"line":2,"column":0},"end":{"line":2,"column":38}},"7":{"start":{"line":8,"column":0},"end":{"line":8,"column":34}},"8":{"start":{"line":9,"column":0},"end":{"line":9,"column":33}},"9":{"start":{"line":10,"column":0},"end":{"line":10,"column":23}},"10":{"start":{"line":11,"column":0},"end":{"line":11,"column":50}},"11":{"start":{"line":12,"column":0},"end":{"line":12,"column":41}},"13":{"start":{"line":14,"column":0},"end":{"line":14,"column":22}},"14":{"start":{"line":15,"column":0},"end":{"line":15,"column":58}},"15":{"start":{"line":16,"column":0},"end":{"line":16,"column":3}},"17":{"start":{"line":18,"column":0},"end":{"line":18,"column":47}},"18":{"start":{"line":19,"column":0},"end":{"line":19,"column":37}},"19":{"start":{"line":20,"column":0},"end":{"line":20,"column":42}},"21":{"start":{"line":22,"column":0},"end":{"line":22,"column":41}},"22":{"start":{"line":23,"column":0},"end":{"line":23,"column":31}},"23":{"start":{"line":24,"column":0},"end":{"line":24,"column":72}},"24":{"start":{"line":25,"column":0},"end":{"line":25,"column":24}},"25":{"start":{"line":26,"column":0},"end":{"line":26,"column":17}},"26":{"start":{"line":27,"column":0},"end":{"line":27,"column":11}},"27":{"start":{"line":28,"column":0},"end":{"line":28,"column":23}},"28":{"start":{"line":29,"column":0},"end":{"line":29,"column":27}},"29":{"start":{"line":30,"column":0},"end":{"line":30,"column":26}},"30":{"start":{"line":31,"column":0},"end":{"line":31,"column":6}},"31":{"start":{"line":32,"column":0},"end":{"line":32,"column":5}},"33":{"start":{"line":34,"column":0},"end":{"line":34,"column":31}},"34":{"start":{"line":35,"column":0},"end":{"line":35,"column":21}},"35":{"start":{"line":36,"column":0},"end":{"line":36,"column":14}},"36":{"start":{"line":37,"column":0},"end":{"line":37,"column":20}},"37":{"start":{"line":38,"column":0},"end":{"line":38,"column":14}},"38":{"start":{"line":39,"column":0},"end":{"line":39,"column":4}},"40":{"start":{"line":41,"column":0},"end":{"line":41,"column":39}},"42":{"start":{"line":43,"column":0},"end":{"line":43,"column":22}},"43":{"start":{"line":44,"column":0},"end":{"line":44,"column":2}},"48":{"start":{"line":49,"column":0},"end":{"line":49,"column":35}},"49":{"start":{"line":50,"column":0},"end":{"line":50,"column":20}},"50":{"start":{"line":51,"column":0},"end":{"line":51,"column":38}},"51":{"start":{"line":52,"column":0},"end":{"line":52,"column":20}},"52":{"start":{"line":53,"column":0},"end":{"line":53,"column":55}},"54":{"start":{"line":55,"column":0},"end":{"line":55,"column":54}},"55":{"start":{"line":56,"column":0},"end":{"line":56,"column":28}},"56":{"start":{"line":57,"column":0},"end":{"line":57,"column":41}},"57":{"start":{"line":58,"column":0},"end":{"line":58,"column":28}},"58":{"start":{"line":59,"column":0},"end":{"line":59,"column":5}},"59":{"start":{"line":60,"column":0},"end":{"line":60,"column":5}},"61":{"start":{"line":62,"column":0},"end":{"line":62,"column":16}},"62":{"start":{"line":63,"column":0},"end":{"line":63,"column":39}},"63":{"start":{"line":64,"column":0},"end":{"line":64,"column":4}},"64":{"start":{"line":65,"column":0},"end":{"line":65,"column":2}},"72":{"start":{"line":73,"column":0},"end":{"line":73,"column":97}},"73":{"start":{"line":74,"column":0},"end":{"line":74,"column":58}},"74":{"start":{"line":75,"column":0},"end":{"line":75,"column":36}},"75":{"start":{"line":76,"column":0},"end":{"line":76,"column":35}},"77":{"start":{"line":78,"column":0},"end":{"line":78,"column":19}},"78":{"start":{"line":79,"column":0},"end":{"line":79,"column":57}},"79":{"start":{"line":80,"column":0},"end":{"line":80,"column":3}},"81":{"start":{"line":82,"column":0},"end":{"line":82,"column":25}},"82":{"start":{"line":83,"column":0},"end":{"line":83,"column":18}},"83":{"start":{"line":84,"column":0},"end":{"line":84,"column":19}},"84":{"start":{"line":85,"column":0},"end":{"line":85,"column":25}},"85":{"start":{"line":86,"column":0},"end":{"line":86,"column":4}},"87":{"start":{"line":88,"column":0},"end":{"line":88,"column":33}},"89":{"start":{"line":90,"column":0},"end":{"line":90,"column":19}},"90":{"start":{"line":91,"column":0},"end":{"line":91,"column":2}},"96":{"start":{"line":97,"column":0},"end":{"line":97,"column":117}},"97":{"start":{"line":98,"column":0},"end":{"line":98,"column":78}},"98":{"start":{"line":99,"column":0},"end":{"line":99,"column":29}},"99":{"start":{"line":100,"column":0},"end":{"line":100,"column":2}},"104":{"start":{"line":105,"column":0},"end":{"line":105,"column":108}},"105":{"start":{"line":106,"column":0},"end":{"line":106,"column":77}},"106":{"start":{"line":107,"column":0},"end":{"line":107,"column":35}},"107":{"start":{"line":108,"column":0},"end":{"line":108,"column":2}}},"s":{"0":1,"1":1,"7":1,"8":0,"9":0,"10":0,"11":0,"13":0,"14":0,"15":0,"17":0,"18":0,"19":0,"21":0,"22":0,"23":0,"24":0,"25":0,"26":0,"27":0,"28":0,"29":0,"30":0,"31":0,"33":0,"34":0,"35":0,"36":0,"37":0,"38":0,"40":0,"42":0,"43":0,"48":1,"49":0,"50":0,"51":0,"52":0,"54":0,"55":0,"56":0,"57":0,"58":0,"59":0,"61":0,"62":0,"63":0,"64":0,"72":1,"73":0,"74":0,"75":0,"77":0,"78":0,"79":0,"81":0,"82":0,"83":0,"84":0,"85":0,"87":0,"89":0,"90":0,"96":1,"97":0,"98":0,"99":0,"104":1,"105":0,"106":0,"107":0},"branchMap":{},"b":{},"fnMap":{"0":{"name":"saveAuction","decl":{"start":{"line":8,"column":27},"end":{"line":44,"column":2}},"loc":{"start":{"line":8,"column":27},"end":{"line":44,"column":2}},"line":8},"1":{"name":"subscribeToAuction","decl":{"start":{"line":49,"column":34},"end":{"line":65,"column":2}},"loc":{"start":{"line":49,"column":34},"end":{"line":65,"column":2}},"line":49},"2":{"name":"addUserToAuction","decl":{"start":{"line":73,"column":32},"end":{"line":91,"column":2}},"loc":{"start":{"line":73,"column":32},"end":{"line":91,"column":2}},"line":73},"3":{"name":"placeBid","decl":{"start":{"line":97,"column":24},"end":{"line":100,"column":2}},"loc":{"start":{"line":97,"column":24},"end":{"line":100,"column":2}},"line":97},"4":{"name":"submitSelection","decl":{"start":{"line":105,"column":31},"end":{"line":108,"column":2}},"loc":{"start":{"line":105,"column":31},"end":{"line":108,"column":2}},"line":105}},"f":{"0":0,"1":0,"2":0,"3":0,"4":0}}
,"/Users/eikoreisz/Documents/GitHub/CS392-RapidProto/room-sorting-app/src/utilities/firebaseConfig.ts": {"path":"/Users/eikoreisz/Documents/GitHub/CS392-RapidProto/room-sorting-app/src/utilities/firebaseConfig.ts","all":false,"statementMap":{"0":{"start":{"line":1,"column":0},"end":{"line":1,"column":45}},"1":{"start":{"line":2,"column":0},"end":{"line":2,"column":48}},"3":{"start":{"line":4,"column":0},"end":{"line":4,"column":24}},"4":{"start":{"line":5,"column":0},"end":{"line":5,"column":48}},"5":{"start":{"line":6,"column":0},"end":{"line":6,"column":56}},"6":{"start":{"line":7,"column":0},"end":{"line":7,"column":58}},"7":{"start":{"line":8,"column":0},"end":{"line":8,"column":54}},"8":{"start":{"line":9,"column":0},"end":{"line":9,"column":62}},"9":{"start":{"line":10,"column":0},"end":{"line":10,"column":71}},"10":{"start":{"line":11,"column":0},"end":{"line":11,"column":46}},"11":{"start":{"line":12,"column":0},"end":{"line":12,"column":2}},"14":{"start":{"line":15,"column":0},"end":{"line":15,"column":42}},"17":{"start":{"line":18,"column":0},"end":{"line":18,"column":35}}},"s":{"0":1,"1":1,"3":1,"4":1,"5":1,"6":1,"7":1,"8":1,"9":1,"10":1,"11":1,"14":1,"17":1},"branchMap":{},"b":{},"fnMap":{},"f":{}}
}
